cardNumberExists: DC 0000 0325 5845 9289 : 0 
[2025-04-10 06:19:02] Entry inserted with card number of DC 0000 0325 5845 9289
cardNumberExists: ST 7699 0904 0000 0008 : 0 
[2025-04-10 06:19:06] Entry inserted with card number of ST 7699 0904 0000 0008
cardNumberExists: ST 7699 0904 0000 0002 : 0 
[2025-04-10 06:26:10] Entry inserted with card number of ST 7699 0904 0000 0002
cardNumberExists: DC 0000 0325 2817 2009 : 0 
[2025-04-10 06:26:31] Entry inserted with card number of DC 0000 0325 2817 2009
cardNumberExists: DC 0000 0325 3329 3543 : 0 
[2025-04-10 06:26:35] Entry inserted with card number of DC 0000 0325 3329 3543
cardNumberExists: DC 0000 0325 4662 5710 : 0 
[2025-04-10 06:26:39] Entry inserted with card number of DC 0000 0325 4662 5710
cardNumberExists: DC 0000 0325 1316 5974 : 0 
[2025-04-10 06:26:44] Entry inserted with card number of DC 0000 0325 1316 5974
cardNumberExists: DC 0000 0325 2417 3331 : 0 
[2025-04-10 06:26:48] Entry inserted with card number of DC 0000 0325 2417 3331
cardNumberExists: DC 0000 0325 2931 4050 : 0 
[2025-04-10 06:26:52] Entry inserted with card number of DC 0000 0325 2931 4050
cardNumberExists: DC 0000 0325 6786 7243 : 0 
[2025-04-10 06:26:56] Entry inserted with card number of DC 0000 0325 6786 7243
cardNumberExists: DC 0000 0325 5829 2389 : 0 
[2025-04-10 06:27:01] Entry inserted with card number of DC 0000 0325 5829 2389
cardNumberExists: DC 0000 0325 8503 8171 : 0 
[2025-04-10 06:27:06] Entry inserted with card number of DC 0000 0325 8503 8171
cardNumberExists: DC 0000 0325 8991 2706 : 0 
[2025-04-10 06:27:10] Entry inserted with card number of DC 0000 0325 8991 2706
cardNumberExists: DC 0000 0325 6230 5765 : 0 
[2025-04-10 06:27:13] Entry inserted with card number of DC 0000 0325 6230 5765
cardNumberExists: DC 0000 0325 2298 9320 : 0 
[2025-04-10 06:27:17] Entry inserted with card number of DC 0000 0325 2298 9320
cardNumberExists: DC 0000 0325 0147 7819 : 0 
[2025-04-10 06:27:20] Entry inserted with card number of DC 0000 0325 0147 7819
cardNumberExists: DC 0000 0325 4246 8254 : 0 
[2025-04-10 06:27:23] Entry inserted with card number of DC 0000 0325 4246 8254
cardNumberExists: DC 0000 0325 8579 7512 : 0 
[2025-04-10 06:27:26] Entry inserted with card number of DC 0000 0325 8579 7512
cardNumberExists: DC 0000 0325 5568 8171 : 0 
[2025-04-10 06:27:30] Entry inserted with card number of DC 0000 0325 5568 8171
cardNumberExists: DC 0000 0325 4100 0112 : 0 
[2025-04-10 06:27:33] Entry inserted with card number of DC 0000 0325 4100 0112
cardNumberExists: DC 0000 0325 9060 5142 : 0 
[2025-04-10 06:27:36] Entry inserted with card number of DC 0000 0325 9060 5142
cardNumberExists: DC 0000 0325 4934 1679 : 0 
[2025-04-10 06:27:40] Entry inserted with card number of DC 0000 0325 4934 1679
cardNumberExists: DC 0000 0325 3360 0944 : 0 
[2025-04-10 06:27:43] Entry inserted with card number of DC 0000 0325 3360 0944
cardNumberExists: DC 0000 0325 8684 6520 : 0 
[2025-04-10 06:27:46] Entry inserted with card number of DC 0000 0325 8684 6520
cardNumberExists: DC 0000 0325 0637 2072 : 0 
[2025-04-10 06:27:50] Entry inserted with card number of DC 0000 0325 0637 2072
cardNumberExists: DC 0000 0325 5228 3472 : 0 
[2025-04-10 06:27:53] Entry inserted with card number of DC 0000 0325 5228 3472
cardNumberExists: DC 0000 0325 7409 3968 : 0 
[2025-04-10 06:27:56] Entry inserted with card number of DC 0000 0325 7409 3968
cardNumberExists: DC 0000 0325 8644 7943 : 0 
[2025-04-10 06:28:00] Entry inserted with card number of DC 0000 0325 8644 7943
cardNumberExists: DC 0000 0325 5282 9913 : 0 
[2025-04-10 06:28:03] Entry inserted with card number of DC 0000 0325 5282 9913
cardNumberExists: DC 0000 0325 2285 3123 : 0 
[2025-04-10 06:28:06] Entry inserted with card number of DC 0000 0325 2285 3123
cardNumberExists: DC 0000 0325 5396 4819 : 0 
[2025-04-10 06:28:10] Entry inserted with card number of DC 0000 0325 5396 4819
cardNumberExists: DC 0000 0325 1786 5882 : 0 
[2025-04-10 06:28:13] Entry inserted with card number of DC 0000 0325 1786 5882
cardNumberExists: DC 0000 0325 0111 0570 : 0 
[2025-04-10 06:28:16] Entry inserted with card number of DC 0000 0325 0111 0570
cardNumberExists: DC 0000 0325 0410 2231 : 0 
[2025-04-10 06:28:19] Entry inserted with card number of DC 0000 0325 0410 2231
cardNumberExists: DC 0000 0325 9924 5835 : 0 
[2025-04-10 06:28:22] Entry inserted with card number of DC 0000 0325 9924 5835
cardNumberExists: DC 0000 0325 7010 5395 : 0 
[2025-04-10 06:28:26] Entry inserted with card number of DC 0000 0325 7010 5395
cardNumberExists: DC 0000 0325 7832 6134 : 0 
[2025-04-10 06:28:29] Entry inserted with card number of DC 0000 0325 7832 6134
cardNumberExists: DC 0000 0325 0267 4786 : 0 
[2025-04-10 06:28:33] Entry inserted with card number of DC 0000 0325 0267 4786
cardNumberExists: DC 0000 0325 2811 4064 : 0 
[2025-04-10 06:28:36] Entry inserted with card number of DC 0000 0325 2811 4064
cardNumberExists: DC 0000 0325 4290 6898 : 0 
[2025-04-10 06:28:40] Entry inserted with card number of DC 0000 0325 4290 6898
cardNumberExists: DC 0000 0325 3314 8103 : 0 
[2025-04-10 06:28:43] Entry inserted with card number of DC 0000 0325 3314 8103
cardNumberExists: DC 0000 0325 1099 1280 : 0 
[2025-04-10 06:28:46] Entry inserted with card number of DC 0000 0325 1099 1280
cardNumberExists: DC 0000 0325 2205 6665 : 0 
[2025-04-10 06:28:50] Entry inserted with card number of DC 0000 0325 2205 6665
cardNumberExists: DC 0000 0325 5520 2654 : 0 
[2025-04-10 06:28:53] Entry inserted with card number of DC 0000 0325 5520 2654
cardNumberExists: DC 0000 0325 4528 8756 : 0 
[2025-04-10 06:28:57] Entry inserted with card number of DC 0000 0325 4528 8756
cardNumberExists: DC 0000 0325 8883 4778 : 0 
[2025-04-10 06:29:00] Entry inserted with card number of DC 0000 0325 8883 4778
cardNumberExists: DC 0000 0325 6110 8714 : 0 
[2025-04-10 06:29:03] Entry inserted with card number of DC 0000 0325 6110 8714
cardNumberExists: DC 0000 0325 6945 5767 : 0 
[2025-04-10 06:29:06] Entry inserted with card number of DC 0000 0325 6945 5767
cardNumberExists: DC 0000 0325 1873 6304 : 0 
[2025-04-10 06:29:10] Entry inserted with card number of DC 0000 0325 1873 6304
cardNumberExists: DC 0000 0325 9041 8379 : 0 
[2025-04-10 06:29:13] Entry inserted with card number of DC 0000 0325 9041 8379
cardNumberExists: DC 0000 0325 6063 7682 : 0 
[2025-04-10 06:29:15] Entry inserted with card number of DC 0000 0325 6063 7682
cardNumberExists: DC 0000 0325 6924 3923 : 0 
[2025-04-10 06:29:17] Entry inserted with card number of DC 0000 0325 6924 3923
cardNumberExists: ST 7699 0904 0000 0002 : 0 
[2025-04-10 06:32:07] Entry inserted with card number of ST 7699 0904 0000 0002
cardNumberExists: ST 7699 0904 0000 0002 : 0 
[2025-04-10 06:35:25] Entry inserted with card number of ST 7699 0904 0000 0002
cardNumberExists: ST 7699 0904 0000 0002 : 0 
[2025-04-10 06:35:48] Entry inserted with card number of ST 7699 0904 0000 0002
cardNumberExists: DC 0000 0325 8712 1638 : 0 
[2025-04-10 06:36:12] Entry inserted with card number of DC 0000 0325 8712 1638
cardNumberExists: DC 0000 0325 3943 0260 : 0 
[2025-04-10 06:36:15] Entry inserted with card number of DC 0000 0325 3943 0260
cardNumberExists: DC 0000 0325 8434 0040 : 0 
[2025-04-10 06:36:17] Entry inserted with card number of DC 0000 0325 8434 0040
cardNumberExists: DC 0000 0325 5485 9481 : 0 
[2025-04-10 06:36:20] Entry inserted with card number of DC 0000 0325 5485 9481
cardNumberExists: DC 0000 0325 1625 7437 : 0 
[2025-04-10 06:36:22] Entry inserted with card number of DC 0000 0325 1625 7437
cardNumberExists: DC 0000 0325 7213 2295 : 0 
[2025-04-10 06:36:25] Entry inserted with card number of DC 0000 0325 7213 2295
cardNumberExists: DC 0000 0325 0888 4669 : 0 
[2025-04-10 06:36:28] Entry inserted with card number of DC 0000 0325 0888 4669
cardNumberExists: DC 0000 0325 3301 0726 : 0 
[2025-04-10 06:36:30] Entry inserted with card number of DC 0000 0325 3301 0726
cardNumberExists: DC 0000 0325 4586 8794 : 0 
[2025-04-10 06:36:33] Entry inserted with card number of DC 0000 0325 4586 8794
cardNumberExists: DC 0000 0325 0048 1535 : 0 
[2025-04-10 06:36:35] Entry inserted with card number of DC 0000 0325 0048 1535
cardNumberExists: DC 0000 0325 9007 7410 : 0 
[2025-04-10 06:36:37] Entry inserted with card number of DC 0000 0325 9007 7410
cardNumberExists: DC 0000 0325 5148 9946 : 0 
[2025-04-10 06:36:40] Entry inserted with card number of DC 0000 0325 5148 9946
cardNumberExists: DC 0000 0325 6426 5682 : 0 
[2025-04-10 06:36:42] Entry inserted with card number of DC 0000 0325 6426 5682
cardNumberExists: DC 0000 0325 2653 9373 : 0 
[2025-04-10 06:36:44] Entry inserted with card number of DC 0000 0325 2653 9373
cardNumberExists: DC 0000 0325 3849 1518 : 0 
[2025-04-10 06:36:47] Entry inserted with card number of DC 0000 0325 3849 1518
cardNumberExists: DC 0000 0325 2151 2327 : 0 
[2025-04-10 06:36:49] Entry inserted with card number of DC 0000 0325 2151 2327
cardNumberExists: DC 0000 0325 0356 5159 : 0 
[2025-04-10 06:36:51] Entry inserted with card number of DC 0000 0325 0356 5159
cardNumberExists: DC 0000 0325 9385 5678 : 0 
[2025-04-10 06:36:54] Entry inserted with card number of DC 0000 0325 9385 5678
cardNumberExists: DC 0000 0325 1628 7391 : 0 
[2025-04-10 06:36:56] Entry inserted with card number of DC 0000 0325 1628 7391
cardNumberExists: DC 0000 0325 9334 7368 : 0 
[2025-04-10 06:36:59] Entry inserted with card number of DC 0000 0325 9334 7368
cardNumberExists: DC 0000 0325 6103 6004 : 0 
[2025-04-10 06:37:01] Entry inserted with card number of DC 0000 0325 6103 6004
cardNumberExists: DC 0000 0325 4799 5618 : 0 
[2025-04-10 06:37:03] Entry inserted with card number of DC 0000 0325 4799 5618
cardNumberExists: DC 0000 0325 0321 7411 : 0 
[2025-04-10 06:37:06] Entry inserted with card number of DC 0000 0325 0321 7411
cardNumberExists: DC 0000 0325 1099 3659 : 0 
[2025-04-10 06:37:08] Entry inserted with card number of DC 0000 0325 1099 3659
cardNumberExists: DC 0000 0325 5191 3477 : 0 
[2025-04-10 06:37:11] Entry inserted with card number of DC 0000 0325 5191 3477
cardNumberExists: DC 0000 0325 6309 9191 : 0 
[2025-04-10 06:37:14] Entry inserted with card number of DC 0000 0325 6309 9191
cardNumberExists: DC 0000 0325 8944 1318 : 0 
[2025-04-10 06:37:16] Entry inserted with card number of DC 0000 0325 8944 1318
cardNumberExists: DC 0000 0325 4898 2702 : 0 
[2025-04-10 06:37:19] Entry inserted with card number of DC 0000 0325 4898 2702
cardNumberExists: DC 0000 0325 1582 4590 : 0 
[2025-04-10 06:37:21] Entry inserted with card number of DC 0000 0325 1582 4590
cardNumberExists: DC 0000 0325 0510 6130 : 0 
[2025-04-10 06:37:24] Entry inserted with card number of DC 0000 0325 0510 6130
cardNumberExists: DC 0000 0325 4491 7088 : 0 
[2025-04-10 06:37:26] Entry inserted with card number of DC 0000 0325 4491 7088
cardNumberExists: DC 0000 0325 3740 8765 : 0 
[2025-04-10 06:37:29] Entry inserted with card number of DC 0000 0325 3740 8765
cardNumberExists: DC 0000 0325 2914 8438 : 0 
[2025-04-10 06:37:31] Entry inserted with card number of DC 0000 0325 2914 8438
cardNumberExists: DC 0000 0325 8175 1775 : 0 
[2025-04-10 06:37:34] Entry inserted with card number of DC 0000 0325 8175 1775
cardNumberExists: DC 0000 0325 4957 3558 : 0 
[2025-04-10 06:37:36] Entry inserted with card number of DC 0000 0325 4957 3558
cardNumberExists: DC 0000 0325 6581 2135 : 0 
[2025-04-10 06:37:39] Entry inserted with card number of DC 0000 0325 6581 2135
cardNumberExists: DC 0000 0325 1313 5910 : 0 
[2025-04-10 06:37:42] Entry inserted with card number of DC 0000 0325 1313 5910
cardNumberExists: DC 0000 0325 4727 4992 : 0 
[2025-04-10 06:37:44] Entry inserted with card number of DC 0000 0325 4727 4992
cardNumberExists: DC 0000 0325 8750 5438 : 0 
[2025-04-10 06:37:47] Entry inserted with card number of DC 0000 0325 8750 5438
cardNumberExists: DC 0000 0325 7992 3923 : 0 
[2025-04-10 06:37:49] Entry inserted with card number of DC 0000 0325 7992 3923
cardNumberExists: DC 0000 0325 2530 4847 : 0 
[2025-04-10 06:37:52] Entry inserted with card number of DC 0000 0325 2530 4847
cardNumberExists: DC 0000 0325 2563 9453 : 0 
[2025-04-10 06:37:54] Entry inserted with card number of DC 0000 0325 2563 9453
cardNumberExists: DC 0000 0325 4559 8222 : 0 
[2025-04-10 06:37:57] Entry inserted with card number of DC 0000 0325 4559 8222
cardNumberExists: DC 0000 0325 8806 3800 : 0 
[2025-04-10 06:37:59] Entry inserted with card number of DC 0000 0325 8806 3800
cardNumberExists: DC 0000 0325 8934 3356 : 0 
[2025-04-10 06:38:02] Entry inserted with card number of DC 0000 0325 8934 3356
cardNumberExists: DC 0000 0325 3922 9828 : 0 
[2025-04-10 06:38:04] Entry inserted with card number of DC 0000 0325 3922 9828
cardNumberExists: DC 0000 0325 9176 9701 : 0 
[2025-04-10 06:38:07] Entry inserted with card number of DC 0000 0325 9176 9701
cardNumberExists: DC 0000 0325 7258 8601 : 0 
[2025-04-10 06:38:09] Entry inserted with card number of DC 0000 0325 7258 8601
cardNumberExists: DC 0000 0325 3597 7969 : 0 
[2025-04-10 06:38:13] Entry inserted with card number of DC 0000 0325 3597 7969
cardNumberExists: ST 7699 0904 0000 0002 : 0 
[2025-04-10 06:40:37] Entry inserted with card number of ST 7699 0904 0000 0002
cardNumberExists: ST 7699 0904 0000 0002 : 0 
[2025-04-10 06:42:47] Entry inserted with card number of ST 7699 0904 0000 0002
cardNumberExists: ST 7699 0904 0000 0002 : 0 
[2025-04-10 06:45:59] Entry inserted with card number of ST 7699 0904 0000 0002
cardNumberExists: ST 7699 0904 0000 0002 : 0 
[2025-04-10 06:48:57] Entry inserted with card number of ST 7699 0904 0000 0002
cardNumberExists: ST 7699 0904 0000 0002 : 0 
[2025-04-10 06:50:27] Entry inserted with card number of ST 7699 0904 0000 0002
cardNumberExists: ST 7699 0904 0000 0002 : 0 
[2025-04-10 06:50:43] Entry inserted with card number of ST 7699 0904 0000 0002
cardNumberExists: ST 7699 0904 0000 0002 : 0 
[2025-04-10 06:51:36] Entry inserted with card number of ST 7699 0904 0000 0002
cardNumberExists: ST 7699 0904 0000 0002 : 0 
[2025-04-10 06:51:59] Entry inserted with card number of ST 7699 0904 0000 0002
cardNumberExists: DC 0000 0325 3245 1946 : 0 
[2025-04-10 06:53:01] Entry inserted with card number of DC 0000 0325 3245 1946
[2025-04-10 06:53:01] Inserting DATA: Array
cardNumberExists: DC 0000 0325 6361 1061 : 0 
[2025-04-10 06:53:04] Entry inserted with card number of DC 0000 0325 6361 1061
[2025-04-10 06:53:04] Inserting DATA: Array
cardNumberExists: DC 0000 0325 4721 3671 : 0 
[2025-04-10 06:53:06] Entry inserted with card number of DC 0000 0325 4721 3671
[2025-04-10 06:53:06] Inserting DATA: Array
cardNumberExists: DC 0000 0325 1657 3778 : 0 
[2025-04-10 06:53:09] Entry inserted with card number of DC 0000 0325 1657 3778
[2025-04-10 06:53:09] Inserting DATA: Array
cardNumberExists: DC 0000 0325 0552 3863 : 0 
[2025-04-10 06:53:11] Entry inserted with card number of DC 0000 0325 0552 3863
[2025-04-10 06:53:11] Inserting DATA: Array
cardNumberExists: DC 0000 0325 9473 1068 : 0 
[2025-04-10 06:53:14] Entry inserted with card number of DC 0000 0325 9473 1068
[2025-04-10 06:53:14] Inserting DATA: Array
cardNumberExists: DC 0000 0325 3247 5603 : 0 
[2025-04-10 06:53:17] Entry inserted with card number of DC 0000 0325 3247 5603
[2025-04-10 06:53:17] Inserting DATA: Array
cardNumberExists: DC 0000 0325 0389 5519 : 0 
[2025-04-10 06:53:19] Entry inserted with card number of DC 0000 0325 0389 5519
[2025-04-10 06:53:19] Inserting DATA: Array
cardNumberExists: DC 0000 0325 3858 5500 : 0 
[2025-04-10 06:53:22] Entry inserted with card number of DC 0000 0325 3858 5500
[2025-04-10 06:53:22] Inserting DATA: Array
cardNumberExists: DC 0000 0325 8661 1225 : 0 
[2025-04-10 06:53:24] Entry inserted with card number of DC 0000 0325 8661 1225
[2025-04-10 06:53:24] Inserting DATA: Array
cardNumberExists: DC 0000 0325 7481 4865 : 0 
[2025-04-10 06:53:27] Entry inserted with card number of DC 0000 0325 7481 4865
[2025-04-10 06:53:27] Inserting DATA: Array
cardNumberExists: DC 0000 0325 4857 2665 : 0 
[2025-04-10 06:53:29] Entry inserted with card number of DC 0000 0325 4857 2665
[2025-04-10 06:53:29] Inserting DATA: Array
cardNumberExists: DC 0000 0325 8954 3579 : 0 
[2025-04-10 06:53:31] Entry inserted with card number of DC 0000 0325 8954 3579
[2025-04-10 06:53:31] Inserting DATA: Array
cardNumberExists: DC 0000 0325 8485 5607 : 0 
[2025-04-10 06:53:34] Entry inserted with card number of DC 0000 0325 8485 5607
[2025-04-10 06:53:34] Inserting DATA: Array
cardNumberExists: DC 0000 0325 9501 4041 : 0 
[2025-04-10 06:53:36] Entry inserted with card number of DC 0000 0325 9501 4041
[2025-04-10 06:53:36] Inserting DATA: Array
cardNumberExists: DC 0000 0325 8805 7677 : 0 
[2025-04-10 06:53:39] Entry inserted with card number of DC 0000 0325 8805 7677
[2025-04-10 06:53:39] Inserting DATA: Array
cardNumberExists: DC 0000 0325 8909 7435 : 0 
[2025-04-10 06:53:41] Entry inserted with card number of DC 0000 0325 8909 7435
[2025-04-10 06:53:41] Inserting DATA: Array
cardNumberExists: DC 0000 0325 0583 1593 : 0 
[2025-04-10 06:53:43] Entry inserted with card number of DC 0000 0325 0583 1593
[2025-04-10 06:53:43] Inserting DATA: Array
cardNumberExists: DC 0000 0325 5969 2801 : 0 
[2025-04-10 06:53:46] Entry inserted with card number of DC 0000 0325 5969 2801
[2025-04-10 06:53:46] Inserting DATA: Array
cardNumberExists: DC 0000 0325 5968 4308 : 0 
[2025-04-10 06:53:48] Entry inserted with card number of DC 0000 0325 5968 4308
[2025-04-10 06:53:48] Inserting DATA: Array
cardNumberExists: DC 0000 0325 6316 8958 : 0 
[2025-04-10 06:53:51] Entry inserted with card number of DC 0000 0325 6316 8958
[2025-04-10 06:53:51] Inserting DATA: Array
cardNumberExists: DC 0000 0325 9966 9536 : 0 
[2025-04-10 06:53:54] Entry inserted with card number of DC 0000 0325 9966 9536
[2025-04-10 06:53:54] Inserting DATA: Array
cardNumberExists: DC 0000 0325 1265 4412 : 0 
[2025-04-10 06:53:57] Entry inserted with card number of DC 0000 0325 1265 4412
[2025-04-10 06:53:57] Inserting DATA: Array
cardNumberExists: DC 0000 0325 1636 0225 : 0 
[2025-04-10 06:54:00] Entry inserted with card number of DC 0000 0325 1636 0225
[2025-04-10 06:54:00] Inserting DATA: Array
cardNumberExists: DC 0000 0325 6627 0415 : 0 
[2025-04-10 06:54:03] Entry inserted with card number of DC 0000 0325 6627 0415
[2025-04-10 06:54:03] Inserting DATA: Array
cardNumberExists: DC 0000 0325 4160 9053 : 0 
[2025-04-10 06:54:07] Entry inserted with card number of DC 0000 0325 4160 9053
[2025-04-10 06:54:07] Inserting DATA: Array
cardNumberExists: DC 0000 0325 4979 4817 : 0 
[2025-04-10 06:54:09] Entry inserted with card number of DC 0000 0325 4979 4817
[2025-04-10 06:54:09] Inserting DATA: Array
cardNumberExists: DC 0000 0325 5742 0899 : 0 
[2025-04-10 06:54:12] Entry inserted with card number of DC 0000 0325 5742 0899
[2025-04-10 06:54:12] Inserting DATA: Array
cardNumberExists: DC 0000 0325 7172 1988 : 0 
[2025-04-10 06:54:15] Entry inserted with card number of DC 0000 0325 7172 1988
[2025-04-10 06:54:15] Inserting DATA: Array
cardNumberExists: DC 0000 0325 1845 6623 : 0 
[2025-04-10 06:54:18] Entry inserted with card number of DC 0000 0325 1845 6623
[2025-04-10 06:54:18] Inserting DATA: Array
cardNumberExists: DC 0000 0325 7248 6427 : 0 
[2025-04-10 06:54:20] Entry inserted with card number of DC 0000 0325 7248 6427
[2025-04-10 06:54:20] Inserting DATA: Array
cardNumberExists: DC 0000 0325 8431 1520 : 0 
[2025-04-10 06:54:23] Entry inserted with card number of DC 0000 0325 8431 1520
[2025-04-10 06:54:23] Inserting DATA: Array
cardNumberExists: DC 0000 0325 0131 9834 : 0 
[2025-04-10 06:54:25] Entry inserted with card number of DC 0000 0325 0131 9834
[2025-04-10 06:54:25] Inserting DATA: Array
cardNumberExists: DC 0000 0325 8542 2748 : 0 
[2025-04-10 06:54:27] Entry inserted with card number of DC 0000 0325 8542 2748
[2025-04-10 06:54:27] Inserting DATA: Array
cardNumberExists: DC 0000 0325 5418 5579 : 0 
[2025-04-10 06:54:30] Entry inserted with card number of DC 0000 0325 5418 5579
[2025-04-10 06:54:30] Inserting DATA: Array
cardNumberExists: DC 0000 0325 4770 3852 : 0 
[2025-04-10 06:54:32] Entry inserted with card number of DC 0000 0325 4770 3852
[2025-04-10 06:54:32] Inserting DATA: Array
cardNumberExists: DC 0000 0325 9587 6684 : 0 
[2025-04-10 06:54:34] Entry inserted with card number of DC 0000 0325 9587 6684
[2025-04-10 06:54:34] Inserting DATA: Array
cardNumberExists: DC 0000 0325 7248 0851 : 0 
[2025-04-10 06:54:37] Entry inserted with card number of DC 0000 0325 7248 0851
[2025-04-10 06:54:37] Inserting DATA: Array
cardNumberExists: DC 0000 0325 8998 9229 : 0 
[2025-04-10 06:54:39] Entry inserted with card number of DC 0000 0325 8998 9229
[2025-04-10 06:54:39] Inserting DATA: Array
cardNumberExists: DC 0000 0325 3220 6250 : 0 
[2025-04-10 06:54:41] Entry inserted with card number of DC 0000 0325 3220 6250
[2025-04-10 06:54:41] Inserting DATA: Array
cardNumberExists: DC 0000 0325 5475 2512 : 0 
[2025-04-10 06:54:44] Entry inserted with card number of DC 0000 0325 5475 2512
[2025-04-10 06:54:44] Inserting DATA: Array
cardNumberExists: DC 0000 0325 3353 8891 : 0 
[2025-04-10 06:54:47] Entry inserted with card number of DC 0000 0325 3353 8891
[2025-04-10 06:54:47] Inserting DATA: Array
cardNumberExists: DC 0000 0325 8751 2726 : 0 
[2025-04-10 06:54:49] Entry inserted with card number of DC 0000 0325 8751 2726
[2025-04-10 06:54:49] Inserting DATA: Array
cardNumberExists: DC 0000 0325 5021 9680 : 0 
[2025-04-10 06:54:52] Entry inserted with card number of DC 0000 0325 5021 9680
[2025-04-10 06:54:52] Inserting DATA: Array
cardNumberExists: DC 0000 0325 3493 9723 : 0 
[2025-04-10 06:54:54] Entry inserted with card number of DC 0000 0325 3493 9723
[2025-04-10 06:54:54] Inserting DATA: Array
cardNumberExists: DC 0000 0325 1124 9038 : 0 
[2025-04-10 06:54:57] Entry inserted with card number of DC 0000 0325 1124 9038
[2025-04-10 06:54:57] Inserting DATA: Array
cardNumberExists: DC 0000 0325 3746 0740 : 0 
[2025-04-10 06:54:59] Entry inserted with card number of DC 0000 0325 3746 0740
[2025-04-10 06:54:59] Inserting DATA: Array
cardNumberExists: DC 0000 0325 1255 0365 : 0 
[2025-04-10 06:55:02] Entry inserted with card number of DC 0000 0325 1255 0365
[2025-04-10 06:55:02] Inserting DATA: Array
cardNumberExists: DC 0000 0325 8844 0820 : 0 
[2025-04-10 06:55:05] Entry inserted with card number of DC 0000 0325 8844 0820
[2025-04-10 06:55:05] Inserting DATA: Array
cardNumberExists: DC 0000 0325 5816 8360 : 0 
[2025-04-10 06:56:15] Entry inserted with card number of DC 0000 0325 5816 8360
cardNumberExists: DC 0000 0325 2526 8619 : 0 
[2025-04-10 06:56:17] Entry inserted with card number of DC 0000 0325 2526 8619
cardNumberExists: DC 0000 0325 8094 6912 : 0 
[2025-04-10 06:56:20] Entry inserted with card number of DC 0000 0325 8094 6912
cardNumberExists: DC 0000 0325 2893 4695 : 0 
[2025-04-10 06:56:22] Entry inserted with card number of DC 0000 0325 2893 4695
cardNumberExists: DC 0000 0325 4466 4223 : 0 
[2025-04-10 06:56:24] Entry inserted with card number of DC 0000 0325 4466 4223
cardNumberExists: DC 0000 0325 3533 7314 : 0 
[2025-04-10 06:56:26] Entry inserted with card number of DC 0000 0325 3533 7314
cardNumberExists: DC 0000 0325 0426 7487 : 0 
[2025-04-10 06:56:29] Entry inserted with card number of DC 0000 0325 0426 7487
cardNumberExists: DC 0000 0325 0202 8494 : 0 
[2025-04-10 06:56:31] Entry inserted with card number of DC 0000 0325 0202 8494
cardNumberExists: DC 0000 0325 9960 5484 : 0 
[2025-04-10 06:56:34] Entry inserted with card number of DC 0000 0325 9960 5484
cardNumberExists: DC 0000 0325 2603 0459 : 0 
[2025-04-10 06:56:36] Entry inserted with card number of DC 0000 0325 2603 0459
cardNumberExists: DC 0000 0325 9226 6980 : 0 
[2025-04-10 06:56:38] Entry inserted with card number of DC 0000 0325 9226 6980
cardNumberExists: DC 0000 0325 5904 4288 : 0 
[2025-04-10 06:56:41] Entry inserted with card number of DC 0000 0325 5904 4288
cardNumberExists: DC 0000 0325 4268 0765 : 0 
[2025-04-10 06:56:43] Entry inserted with card number of DC 0000 0325 4268 0765
cardNumberExists: DC 0000 0325 6291 3341 : 0 
[2025-04-10 06:56:46] Entry inserted with card number of DC 0000 0325 6291 3341
cardNumberExists: DC 0000 0325 5141 0856 : 0 
[2025-04-10 06:56:49] Entry inserted with card number of DC 0000 0325 5141 0856
cardNumberExists: DC 0000 0325 3924 9653 : 0 
[2025-04-10 06:56:51] Entry inserted with card number of DC 0000 0325 3924 9653
cardNumberExists: DC 0000 0325 7224 9111 : 0 
[2025-04-10 06:56:54] Entry inserted with card number of DC 0000 0325 7224 9111
cardNumberExists: DC 0000 0325 8487 0487 : 0 
[2025-04-10 06:56:56] Entry inserted with card number of DC 0000 0325 8487 0487
cardNumberExists: DC 0000 0325 7196 9986 : 0 
[2025-04-10 06:56:59] Entry inserted with card number of DC 0000 0325 7196 9986
cardNumberExists: DC 0000 0325 9882 7427 : 0 
[2025-04-10 06:57:02] Entry inserted with card number of DC 0000 0325 9882 7427
cardNumberExists: DC 0000 0325 1154 1779 : 0 
[2025-04-10 06:57:04] Entry inserted with card number of DC 0000 0325 1154 1779
cardNumberExists: DC 0000 0325 8703 7186 : 0 
[2025-04-10 06:57:07] Entry inserted with card number of DC 0000 0325 8703 7186
cardNumberExists: DC 0000 0325 4260 5223 : 0 
[2025-04-10 06:57:10] Entry inserted with card number of DC 0000 0325 4260 5223
cardNumberExists: DC 0000 0325 7531 8931 : 0 
[2025-04-10 06:57:12] Entry inserted with card number of DC 0000 0325 7531 8931
cardNumberExists: DC 0000 0325 9968 0146 : 0 
[2025-04-10 06:57:15] Entry inserted with card number of DC 0000 0325 9968 0146
cardNumberExists: DC 0000 0325 9008 2733 : 0 
[2025-04-10 06:57:18] Entry inserted with card number of DC 0000 0325 9008 2733
cardNumberExists: DC 0000 0325 6453 4619 : 0 
[2025-04-10 06:57:20] Entry inserted with card number of DC 0000 0325 6453 4619
cardNumberExists: DC 0000 0325 4606 6760 : 0 
[2025-04-10 06:57:23] Entry inserted with card number of DC 0000 0325 4606 6760
cardNumberExists: DC 0000 0325 4057 7339 : 0 
[2025-04-10 06:57:25] Entry inserted with card number of DC 0000 0325 4057 7339
cardNumberExists: DC 0000 0325 1966 3803 : 0 
[2025-04-10 06:57:28] Entry inserted with card number of DC 0000 0325 1966 3803
cardNumberExists: DC 0000 0325 2571 7208 : 0 
[2025-04-10 06:57:32] Entry inserted with card number of DC 0000 0325 2571 7208
cardNumberExists: DC 0000 0325 1887 7070 : 0 
[2025-04-10 06:57:37] Entry inserted with card number of DC 0000 0325 1887 7070
cardNumberExists: DC 0000 0325 9504 2948 : 0 
[2025-04-10 06:57:42] Entry inserted with card number of DC 0000 0325 9504 2948
cardNumberExists: DC 0000 0325 6384 5808 : 0 
[2025-04-10 06:57:46] Entry inserted with card number of DC 0000 0325 6384 5808
cardNumberExists: DC 0000 0325 4712 5922 : 0 
[2025-04-10 06:57:49] Entry inserted with card number of DC 0000 0325 4712 5922
cardNumberExists: DC 0000 0325 0376 2383 : 0 
[2025-04-10 06:57:51] Entry inserted with card number of DC 0000 0325 0376 2383
cardNumberExists: DC 0000 0325 2104 7810 : 0 
[2025-04-10 06:57:54] Entry inserted with card number of DC 0000 0325 2104 7810
cardNumberExists: DC 0000 0325 5709 3047 : 0 
[2025-04-10 06:57:57] Entry inserted with card number of DC 0000 0325 5709 3047
cardNumberExists: DC 0000 0325 3124 2114 : 0 
[2025-04-10 06:58:00] Entry inserted with card number of DC 0000 0325 3124 2114
cardNumberExists: DC 0000 0325 6643 3281 : 0 
[2025-04-10 06:58:03] Entry inserted with card number of DC 0000 0325 6643 3281
cardNumberExists: DC 0000 0325 2545 7738 : 0 
[2025-04-10 06:58:05] Entry inserted with card number of DC 0000 0325 2545 7738
cardNumberExists: DC 0000 0325 3825 8298 : 0 
[2025-04-10 06:58:08] Entry inserted with card number of DC 0000 0325 3825 8298
cardNumberExists: DC 0000 0325 0379 4173 : 0 
[2025-04-10 06:58:11] Entry inserted with card number of DC 0000 0325 0379 4173
cardNumberExists: DC 0000 0325 9846 6125 : 0 
[2025-04-10 06:58:14] Entry inserted with card number of DC 0000 0325 9846 6125
cardNumberExists: DC 0000 0325 8987 0009 : 0 
[2025-04-10 06:58:17] Entry inserted with card number of DC 0000 0325 8987 0009
cardNumberExists: DC 0000 0325 6722 3266 : 0 
[2025-04-10 06:58:20] Entry inserted with card number of DC 0000 0325 6722 3266
cardNumberExists: DC 0000 0325 0439 9833 : 0 
[2025-04-10 06:58:23] Entry inserted with card number of DC 0000 0325 0439 9833
cardNumberExists: DC 0000 0325 3382 6420 : 0 
[2025-04-10 06:58:25] Entry inserted with card number of DC 0000 0325 3382 6420
cardNumberExists: DC 0000 0325 5372 6799 : 0 
[2025-04-10 06:58:28] Entry inserted with card number of DC 0000 0325 5372 6799
cardNumberExists: DC 0000 0325 4149 7993 : 0 
[2025-04-10 06:58:31] Entry inserted with card number of DC 0000 0325 4149 7993
cardNumberExists: DC 0000 0325 3837 4241 : 0 
[2025-04-10 06:58:34] Entry inserted with card number of DC 0000 0325 3837 4241
cardNumberExists: DC 0000 0325 9493 3935 : 0 
[2025-04-10 06:58:37] Entry inserted with card number of DC 0000 0325 9493 3935
cardNumberExists: DC 0000 0325 1173 2899 : 0 
[2025-04-10 06:58:39] Entry inserted with card number of DC 0000 0325 1173 2899
cardNumberExists: DC 0000 0325 5920 2544 : 0 
[2025-04-10 06:58:42] Entry inserted with card number of DC 0000 0325 5920 2544
cardNumberExists: DC 0000 0325 2224 4811 : 0 
[2025-04-10 06:58:44] Entry inserted with card number of DC 0000 0325 2224 4811
cardNumberExists: DC 0000 0325 7291 6749 : 0 
[2025-04-10 06:58:47] Entry inserted with card number of DC 0000 0325 7291 6749
cardNumberExists: DC 0000 0325 5152 9149 : 0 
[2025-04-10 06:58:51] Entry inserted with card number of DC 0000 0325 5152 9149
cardNumberExists: DC 0000 0325 9408 3008 : 0 
[2025-04-10 06:58:55] Entry inserted with card number of DC 0000 0325 9408 3008
cardNumberExists: DC 0000 0325 4668 0987 : 0 
[2025-04-10 06:58:58] Entry inserted with card number of DC 0000 0325 4668 0987
cardNumberExists: DC 0000 0325 9508 4529 : 0 
[2025-04-10 06:59:01] Entry inserted with card number of DC 0000 0325 9508 4529
cardNumberExists: DC 0000 0325 1553 9851 : 0 
[2025-04-10 06:59:04] Entry inserted with card number of DC 0000 0325 1553 9851
cardNumberExists: DC 0000 0325 0359 6524 : 0 
[2025-04-10 06:59:07] Entry inserted with card number of DC 0000 0325 0359 6524
cardNumberExists: DC 0000 0325 2180 9071 : 0 
[2025-04-10 06:59:09] Entry inserted with card number of DC 0000 0325 2180 9071
cardNumberExists: DC 0000 0325 6997 3503 : 0 
[2025-04-10 06:59:12] Entry inserted with card number of DC 0000 0325 6997 3503
cardNumberExists: DC 0000 0325 1102 0246 : 0 
[2025-04-10 06:59:16] Entry inserted with card number of DC 0000 0325 1102 0246
cardNumberExists: DC 0000 0325 4633 5957 : 0 
[2025-04-10 06:59:19] Entry inserted with card number of DC 0000 0325 4633 5957
cardNumberExists: DC 0000 0325 2445 0282 : 0 
[2025-04-10 06:59:23] Entry inserted with card number of DC 0000 0325 2445 0282
cardNumberExists: DC 0000 0325 0134 6039 : 0 
[2025-04-10 06:59:26] Entry inserted with card number of DC 0000 0325 0134 6039
cardNumberExists: DC 0000 0325 7152 1856 : 0 
[2025-04-10 06:59:28] Entry inserted with card number of DC 0000 0325 7152 1856
cardNumberExists: DC 0000 0325 9590 7649 : 0 
[2025-04-10 06:59:31] Entry inserted with card number of DC 0000 0325 9590 7649
cardNumberExists: DC 0000 0325 3775 3263 : 0 
[2025-04-10 06:59:34] Entry inserted with card number of DC 0000 0325 3775 3263
cardNumberExists: DC 0000 0325 5262 3141 : 0 
[2025-04-10 06:59:36] Entry inserted with card number of DC 0000 0325 5262 3141
cardNumberExists: DC 0000 0325 5525 4386 : 0 
[2025-04-10 06:59:39] Entry inserted with card number of DC 0000 0325 5525 4386
cardNumberExists: DC 0000 0325 9887 4767 : 0 
[2025-04-10 06:59:41] Entry inserted with card number of DC 0000 0325 9887 4767
cardNumberExists: DC 0000 0325 4657 1632 : 0 
[2025-04-10 06:59:44] Entry inserted with card number of DC 0000 0325 4657 1632
cardNumberExists: DC 0000 0325 2759 7322 : 0 
[2025-04-10 06:59:46] Entry inserted with card number of DC 0000 0325 2759 7322
cardNumberExists: DC 0000 0325 3745 8571 : 0 
[2025-04-10 06:59:49] Entry inserted with card number of DC 0000 0325 3745 8571
cardNumberExists: DC 0000 0325 4941 6401 : 0 
[2025-04-10 06:59:52] Entry inserted with card number of DC 0000 0325 4941 6401
cardNumberExists: DC 0000 0325 2968 4412 : 0 
[2025-04-10 06:59:55] Entry inserted with card number of DC 0000 0325 2968 4412
cardNumberExists: DC 0000 0325 4101 5436 : 0 
[2025-04-10 06:59:57] Entry inserted with card number of DC 0000 0325 4101 5436
cardNumberExists: DC 0000 0325 3546 7930 : 0 
[2025-04-10 07:00:00] Entry inserted with card number of DC 0000 0325 3546 7930
cardNumberExists: DC 0000 0325 0326 6958 : 0 
[2025-04-10 07:00:03] Entry inserted with card number of DC 0000 0325 0326 6958
cardNumberExists: DC 0000 0325 7060 2611 : 0 
[2025-04-10 07:00:05] Entry inserted with card number of DC 0000 0325 7060 2611
cardNumberExists: DC 0000 0325 1037 1126 : 0 
[2025-04-10 07:00:08] Entry inserted with card number of DC 0000 0325 1037 1126
cardNumberExists: DC 0000 0325 8015 4241 : 0 
[2025-04-10 07:00:11] Entry inserted with card number of DC 0000 0325 8015 4241
cardNumberExists: DC 0000 0325 6692 4790 : 0 
[2025-04-10 07:00:13] Entry inserted with card number of DC 0000 0325 6692 4790
cardNumberExists: DC 0000 0325 4426 1663 : 0 
[2025-04-10 07:00:17] Entry inserted with card number of DC 0000 0325 4426 1663
cardNumberExists: DC 0000 0325 1514 8475 : 0 
[2025-04-10 07:00:21] Entry inserted with card number of DC 0000 0325 1514 8475
cardNumberExists: DC 0000 0325 5047 1081 : 0 
[2025-04-10 07:00:23] Entry inserted with card number of DC 0000 0325 5047 1081
cardNumberExists: DC 0000 0325 4795 4513 : 0 
[2025-04-10 07:00:26] Entry inserted with card number of DC 0000 0325 4795 4513
cardNumberExists: DC 0000 0325 0853 3314 : 0 
[2025-04-10 07:00:29] Entry inserted with card number of DC 0000 0325 0853 3314
cardNumberExists: DC 0000 0325 4998 7536 : 0 
[2025-04-10 07:00:32] Entry inserted with card number of DC 0000 0325 4998 7536
cardNumberExists: DC 0000 0325 7609 4686 : 0 
[2025-04-10 07:00:36] Entry inserted with card number of DC 0000 0325 7609 4686
cardNumberExists: DC 0000 0325 8350 3518 : 0 
[2025-04-10 07:00:41] Entry inserted with card number of DC 0000 0325 8350 3518
cardNumberExists: DC 0000 0325 5587 4295 : 0 
[2025-04-10 07:00:45] Entry inserted with card number of DC 0000 0325 5587 4295
cardNumberExists: DC 0000 0325 9411 9729 : 0 
[2025-04-10 07:00:48] Entry inserted with card number of DC 0000 0325 9411 9729
cardNumberExists: DC 0000 0325 1165 1482 : 0 
[2025-04-10 07:00:50] Entry inserted with card number of DC 0000 0325 1165 1482
cardNumberExists: DC 0000 0325 1358 8491 : 0 
[2025-04-10 07:00:53] Entry inserted with card number of DC 0000 0325 1358 8491
cardNumberExists: DC 0000 0325 3200 0853 : 0 
[2025-04-10 07:00:56] Entry inserted with card number of DC 0000 0325 3200 0853
cardNumberExists: DC 0000 0325 8149 2144 : 0 
[2025-04-10 07:00:59] Entry inserted with card number of DC 0000 0325 8149 2144
cardNumberExists: DC 0000 0325 1986 9571 : 0 
[2025-04-10 07:01:02] Entry inserted with card number of DC 0000 0325 1986 9571
cardNumberExists: DC 0000 0325 5489 7743 : 0 
[2025-04-10 07:01:05] Entry inserted with card number of DC 0000 0325 5489 7743
cardNumberExists: DC 0000 0325 5709 2717 : 0 
[2025-04-10 07:01:07] Entry inserted with card number of DC 0000 0325 5709 2717
cardNumberExists: DC 0000 0325 8006 6165 : 0 
[2025-04-10 07:01:10] Entry inserted with card number of DC 0000 0325 8006 6165
cardNumberExists: DC 0000 0325 8674 8530 : 0 
[2025-04-10 07:01:13] Entry inserted with card number of DC 0000 0325 8674 8530
cardNumberExists: DC 0000 0325 3990 4926 : 0 
[2025-04-10 07:01:15] Entry inserted with card number of DC 0000 0325 3990 4926
cardNumberExists: DC 0000 0325 3927 3191 : 0 
[2025-04-10 07:01:18] Entry inserted with card number of DC 0000 0325 3927 3191
cardNumberExists: DC 0000 0325 3608 8182 : 0 
[2025-04-10 07:01:20] Entry inserted with card number of DC 0000 0325 3608 8182
cardNumberExists: DC 0000 0325 4047 8442 : 0 
[2025-04-10 07:01:23] Entry inserted with card number of DC 0000 0325 4047 8442
cardNumberExists: DC 0000 0325 3796 2442 : 0 
[2025-04-10 07:01:26] Entry inserted with card number of DC 0000 0325 3796 2442
cardNumberExists: DC 0000 0325 7142 0697 : 0 
[2025-04-10 07:01:28] Entry inserted with card number of DC 0000 0325 7142 0697
cardNumberExists: DC 0000 0325 4910 0427 : 0 
[2025-04-10 07:01:31] Entry inserted with card number of DC 0000 0325 4910 0427
cardNumberExists: DC 0000 0325 7972 4498 : 0 
[2025-04-10 07:09:22] Entry inserted with card number of DC 0000 0325 7972 4498
cardNumberExists: DC 0000 0325 1762 4754 : 0 
[2025-04-10 07:09:25] Entry inserted with card number of DC 0000 0325 1762 4754
cardNumberExists: DC 0000 0325 3364 8007 : 0 
[2025-04-10 07:09:28] Entry inserted with card number of DC 0000 0325 3364 8007
cardNumberExists: DC 0000 0325 7313 1760 : 0 
[2025-04-10 07:09:30] Entry inserted with card number of DC 0000 0325 7313 1760
cardNumberExists: DC 0000 0325 5305 7739 : 0 
[2025-04-10 07:12:55] Entry inserted with card number of DC 0000 0325 5305 7739
cardNumberExists: DC 0000 0325 7608 2049 : 0 
[2025-04-10 07:12:58] Entry inserted with card number of DC 0000 0325 7608 2049
cardNumberExists: DC 0000 0325 2052 1222 : 0 
[2025-04-10 07:13:01] Entry inserted with card number of DC 0000 0325 2052 1222
cardNumberExists: DC 0000 0325 0663 3509 : 0 
[2025-04-10 07:13:04] Entry inserted with card number of DC 0000 0325 0663 3509
cardNumberExists: DC 0000 0325 0558 6707 : 0 
[2025-04-10 07:13:55] Entry inserted with card number of DC 0000 0325 0558 6707
cardNumberExists: DC 0000 0325 5119 7136 : 0 
[2025-04-10 07:13:57] Entry inserted with card number of DC 0000 0325 5119 7136
cardNumberExists: DC 0000 0325 7405 0416 : 0 
[2025-04-10 07:14:00] Entry inserted with card number of DC 0000 0325 7405 0416
cardNumberExists: DC 0000 0325 7171 0062 : 0 
[2025-04-10 07:14:02] Entry inserted with card number of DC 0000 0325 7171 0062
cardNumberExists: DC 0000 0325 7015 9755 : 0 
[2025-04-10 07:14:04] Entry inserted with card number of DC 0000 0325 7015 9755
cardNumberExists: DC 0000 0325 7384 1460 : 0 
[2025-04-10 07:14:07] Entry inserted with card number of DC 0000 0325 7384 1460
cardNumberExists: DC 0000 0325 5087 6702 : 0 
[2025-04-10 07:14:11] Entry inserted with card number of DC 0000 0325 5087 6702
cardNumberExists: DC 0000 0325 3319 9303 : 0 
[2025-04-10 07:14:17] Entry inserted with card number of DC 0000 0325 3319 9303
cardNumberExists: ST 7699 0904 0000 0002 : 0 
[2025-04-10 07:14:51] Entry inserted with card number of ST 7699 0904 0000 0002
cardNumberExists: DC 0000 0325 2047 8887 : 0 
[2025-04-10 07:14:56] Entry inserted with card number of DC 0000 0325 2047 8887
cardNumberExists: DC 0000 0325 0717 3469 : 0 
[2025-04-10 07:14:59] Entry inserted with card number of DC 0000 0325 0717 3469
cardNumberExists: DC 0000 0325 3979 5385 : 0 
[2025-04-10 07:15:02] Entry inserted with card number of DC 0000 0325 3979 5385
cardNumberExists: DC 0000 0325 8058 0073 : 0 
[2025-04-10 07:15:05] Entry inserted with card number of DC 0000 0325 8058 0073
cardNumberExists: DC 0000 0325 1659 2824 : 0 
[2025-04-10 07:16:52] Entry inserted with card number of DC 0000 0325 1659 2824
cardNumberExists: DC 0000 0325 4814 0681 : 0 
[2025-04-10 07:16:55] Entry inserted with card number of DC 0000 0325 4814 0681
cardNumberExists: DC 0000 0325 8423 5732 : 0 
[2025-04-10 07:16:58] Entry inserted with card number of DC 0000 0325 8423 5732
cardNumberExists: DC 0000 0325 3755 7124 : 0 
[2025-04-10 07:17:00] Entry inserted with card number of DC 0000 0325 3755 7124
cardNumberExists: DC 0000 0325 1196 7255 : 0 
[2025-04-10 07:17:08] Entry inserted with card number of DC 0000 0325 1196 7255
cardNumberExists: DC 0000 0325 0938 5532 : 0 
[2025-04-10 07:17:11] Entry inserted with card number of DC 0000 0325 0938 5532
cardNumberExists: DC 0000 0325 4751 9311 : 0 
[2025-04-10 07:17:13] Entry inserted with card number of DC 0000 0325 4751 9311
cardNumberExists: DC 0000 0325 2946 2505 : 0 
[2025-04-10 07:17:16] Entry inserted with card number of DC 0000 0325 2946 2505
cardNumberExists: DC 0000 0325 8331 4693 : 0 
[2025-04-10 07:18:16] Entry inserted with card number of DC 0000 0325 8331 4693
cardNumberExists: DC 0000 0325 2627 5365 : 0 
[2025-04-10 07:18:19] Entry inserted with card number of DC 0000 0325 2627 5365
cardNumberExists: DC 0000 0325 5473 3683 : 0 
[2025-04-10 07:18:22] Entry inserted with card number of DC 0000 0325 5473 3683
cardNumberExists: DC 0000 0325 6140 9348 : 0 
[2025-04-10 07:18:24] Entry inserted with card number of DC 0000 0325 6140 9348
cardNumberExists: DC 0000 0325 8912 7425 : 0 
[2025-04-10 07:18:27] Entry inserted with card number of DC 0000 0325 8912 7425
cardNumberExists: DC 0000 0325 9393 1321 : 0 
[2025-04-10 07:18:29] Entry inserted with card number of DC 0000 0325 9393 1321
cardNumberExists: DC 0000 0325 2938 2774 : 0 
[2025-04-10 07:21:17] Entry inserted with card number of DC 0000 0325 2938 2774
cardNumberExists: DC 0000 0325 2938 9666 : 0 
[2025-04-10 07:21:20] Entry inserted with card number of DC 0000 0325 2938 9666
cardNumberExists: DC 0000 0325 2616 0863 : 0 
[2025-04-10 07:21:23] Entry inserted with card number of DC 0000 0325 2616 0863
cardNumberExists: DC 0000 0325 9394 8454 : 0 
[2025-04-10 07:21:25] Entry inserted with card number of DC 0000 0325 9394 8454
cardNumberExists: DC 0000 0325 6465 9118 : 0 
[2025-04-10 07:21:28] Entry inserted with card number of DC 0000 0325 6465 9118
cardNumberExists: DC 0000 0325 5009 2659 : 0 
[2025-04-10 07:21:31] Entry inserted with card number of DC 0000 0325 5009 2659
cardNumberExists: DC 0000 0325 9798 7635 : 0 
[2025-04-10 07:21:33] Entry inserted with card number of DC 0000 0325 9798 7635
cardNumberExists: DC 0000 0325 9937 4500 : 0 
[2025-04-10 07:21:36] Entry inserted with card number of DC 0000 0325 9937 4500
cardNumberExists: DC 0000 0325 8913 1275 : 0 
[2025-04-10 07:21:39] Entry inserted with card number of DC 0000 0325 8913 1275
cardNumberExists: DC 0000 0325 7251 4780 : 0 
[2025-04-10 07:21:42] Entry inserted with card number of DC 0000 0325 7251 4780
cardNumberExists: DC 0000 0325 9628 5508 : 0 
[2025-04-10 07:21:45] Entry inserted with card number of DC 0000 0325 9628 5508
cardNumberExists: DC 0000 0325 4690 3167 : 0 
[2025-04-10 07:21:51] Entry inserted with card number of DC 0000 0325 4690 3167
cardNumberExists: DC 0000 0325 7687 2646 : 0 
[2025-04-10 07:23:47] Entry inserted with card number of DC 0000 0325 7687 2646
cardNumberExists: DC 0000 0325 5053 6797 : 0 
[2025-04-10 07:23:49] Entry inserted with card number of DC 0000 0325 5053 6797
cardNumberExists: DC 0000 0325 2598 4243 : 0 
[2025-04-10 07:23:52] Entry inserted with card number of DC 0000 0325 2598 4243
cardNumberExists: DC 0000 0325 6196 1169 : 0 
[2025-04-10 07:23:55] Entry inserted with card number of DC 0000 0325 6196 1169
cardNumberExists: DC 0000 0325 7167 3885 : 0 
[2025-04-10 07:23:58] Entry inserted with card number of DC 0000 0325 7167 3885
cardNumberExists: DC 0000 0325 5515 0571 : 0 
[2025-04-10 07:24:01] Entry inserted with card number of DC 0000 0325 5515 0571
cardNumberExists: DC 0000 0325 6578 6159 : 0 
[2025-04-10 07:24:04] Entry inserted with card number of DC 0000 0325 6578 6159
cardNumberExists: DC 0000 0325 7156 8976 : 0 
[2025-04-10 07:24:06] Entry inserted with card number of DC 0000 0325 7156 8976
cardNumberExists: DC 0000 0325 2440 4527 : 0 
[2025-04-10 07:24:09] Entry inserted with card number of DC 0000 0325 2440 4527
cardNumberExists: DC 0000 0325 4009 0403 : 0 
[2025-04-10 07:24:12] Entry inserted with card number of DC 0000 0325 4009 0403
cardNumberExists: DC 0000 0325 4052 3473 : 0 
[2025-04-10 07:24:14] Entry inserted with card number of DC 0000 0325 4052 3473
cardNumberExists: DC 0000 0325 4197 2011 : 0 
[2025-04-10 07:24:17] Entry inserted with card number of DC 0000 0325 4197 2011
cardNumberExists: DC 0000 0325 4493 0061 : 0 
[2025-04-10 07:24:20] Entry inserted with card number of DC 0000 0325 4493 0061
cardNumberExists: DC 0000 0325 2159 3302 : 0 
[2025-04-10 07:24:23] Entry inserted with card number of DC 0000 0325 2159 3302
cardNumberExists: DC 0000 0325 5542 7678 : 0 
[2025-04-10 07:24:25] Entry inserted with card number of DC 0000 0325 5542 7678
cardNumberExists: DC 0000 0325 4755 9062 : 0 
[2025-04-10 07:24:28] Entry inserted with card number of DC 0000 0325 4755 9062
cardNumberExists: DC 0000 0325 7776 8820 : 0 
[2025-04-10 07:24:31] Entry inserted with card number of DC 0000 0325 7776 8820
cardNumberExists: DC 0000 0325 0142 9889 : 0 
[2025-04-10 07:24:34] Entry inserted with card number of DC 0000 0325 0142 9889
cardNumberExists: DC 0000 0325 8536 9754 : 0 
[2025-04-10 07:24:37] Entry inserted with card number of DC 0000 0325 8536 9754
cardNumberExists: DC 0000 0325 8497 0247 : 0 
[2025-04-10 07:24:40] Entry inserted with card number of DC 0000 0325 8497 0247
cardNumberExists: DC 0000 0325 9688 2622 : 0 
[2025-04-10 07:24:43] Entry inserted with card number of DC 0000 0325 9688 2622
cardNumberExists: DC 0000 0325 5150 1503 : 0 
[2025-04-10 07:24:46] Entry inserted with card number of DC 0000 0325 5150 1503
cardNumberExists: DC 0000 0325 3740 1878 : 0 
[2025-04-10 07:24:49] Entry inserted with card number of DC 0000 0325 3740 1878
cardNumberExists: DC 0000 0325 0280 8155 : 0 
[2025-04-10 07:24:52] Entry inserted with card number of DC 0000 0325 0280 8155
cardNumberExists: DC 0000 0325 6061 7510 : 0 
[2025-04-10 07:24:54] Entry inserted with card number of DC 0000 0325 6061 7510
cardNumberExists: DC 0000 0325 4551 9522 : 0 
[2025-04-10 07:24:57] Entry inserted with card number of DC 0000 0325 4551 9522
cardNumberExists: DC 0000 0325 0552 1140 : 0 
[2025-04-10 07:25:00] Entry inserted with card number of DC 0000 0325 0552 1140
cardNumberExists: DC 0000 0325 1069 9369 : 0 
[2025-04-10 07:25:02] Entry inserted with card number of DC 0000 0325 1069 9369
cardNumberExists: DC 0000 0325 8472 4071 : 0 
[2025-04-10 07:25:05] Entry inserted with card number of DC 0000 0325 8472 4071
cardNumberExists: DC 0000 0325 8355 5463 : 0 
[2025-04-10 07:25:07] Entry inserted with card number of DC 0000 0325 8355 5463
cardNumberExists: DC 0000 0325 8880 8576 : 0 
[2025-04-10 07:25:10] Entry inserted with card number of DC 0000 0325 8880 8576
cardNumberExists: DC 0000 0325 1844 1919 : 0 
[2025-04-10 07:25:12] Entry inserted with card number of DC 0000 0325 1844 1919
cardNumberExists: DC 0000 0325 5118 4667 : 0 
[2025-04-10 07:25:15] Entry inserted with card number of DC 0000 0325 5118 4667
cardNumberExists: DC 0000 0325 8747 5537 : 0 
[2025-04-10 07:25:17] Entry inserted with card number of DC 0000 0325 8747 5537
cardNumberExists: DC 0000 0325 6002 7628 : 0 
[2025-04-10 07:25:20] Entry inserted with card number of DC 0000 0325 6002 7628
cardNumberExists: DC 0000 0325 7459 0040 : 0 
[2025-04-10 07:25:22] Entry inserted with card number of DC 0000 0325 7459 0040
cardNumberExists: DC 0000 0325 8562 3786 : 0 
[2025-04-10 07:25:24] Entry inserted with card number of DC 0000 0325 8562 3786
cardNumberExists: DC 0000 0325 7744 4713 : 0 
[2025-04-10 07:25:27] Entry inserted with card number of DC 0000 0325 7744 4713
cardNumberExists: DC 0000 0325 8667 7127 : 0 
[2025-04-10 07:25:30] Entry inserted with card number of DC 0000 0325 8667 7127
cardNumberExists: DC 0000 0325 1764 4112 : 0 
[2025-04-10 07:25:32] Entry inserted with card number of DC 0000 0325 1764 4112
cardNumberExists: DC 0000 0325 2566 0351 : 0 
[2025-04-10 07:25:35] Entry inserted with card number of DC 0000 0325 2566 0351
cardNumberExists: DC 0000 0325 1383 5852 : 0 
[2025-04-10 07:25:37] Entry inserted with card number of DC 0000 0325 1383 5852
cardNumberExists: DC 0000 0325 2424 8984 : 0 
[2025-04-10 07:25:40] Entry inserted with card number of DC 0000 0325 2424 8984
cardNumberExists: DC 0000 0325 7586 5694 : 0 
[2025-04-10 07:25:43] Entry inserted with card number of DC 0000 0325 7586 5694
cardNumberExists: DC 0000 0325 5629 8125 : 0 
[2025-04-10 07:25:45] Entry inserted with card number of DC 0000 0325 5629 8125
cardNumberExists: DC 0000 0325 8935 9747 : 0 
[2025-04-10 07:25:48] Entry inserted with card number of DC 0000 0325 8935 9747
cardNumberExists: DC 0000 0325 5308 5228 : 0 
[2025-04-10 07:25:51] Entry inserted with card number of DC 0000 0325 5308 5228
cardNumberExists: DC 0000 0325 7020 6159 : 0 
[2025-04-10 07:25:54] Entry inserted with card number of DC 0000 0325 7020 6159
cardNumberExists: DC 0000 0325 2170 4491 : 0 
[2025-04-10 07:25:56] Entry inserted with card number of DC 0000 0325 2170 4491
cardNumberExists: ST 7699 0904 0000 0002 : 0 
[2025-04-10 07:26:00] Entry inserted with card number of ST 7699 0904 0000 0002
cardNumberExists: ST 7699 0904 0000 0002 : 0 
[2025-04-10 07:27:13] Entry inserted with card number of ST 7699 0904 0000 0002
cardNumberExists: ST 7699 0904 0000 0002 : 0 
[2025-04-10 07:30:06] Entry inserted with card number of ST 7699 0904 0000 0002
cardNumberExists: ST 7699 0904 0000 0002 : 0 
[2025-04-10 07:31:06] Entry inserted with card number of ST 7699 0904 0000 0002
cardNumberExists: DC 0000 0325 9142 0351 : 0 
[2025-04-10 07:31:49] Entry inserted with card number of DC 0000 0325 9142 0351
cardNumberExists: ST 7699 0904 0000 0002 : 0 
[2025-04-10 07:32:23] Entry inserted with card number of ST 7699 0904 0000 0002
cardNumberExists: ST 7699 0904 0000 0002 : 0 
[2025-04-10 07:33:08] Entry inserted with card number of ST 7699 0904 0000 0002
cardNumberExists: DC 0000 0325 5267 6174 : 0 
[2025-04-10 07:33:47] Entry inserted with card number of DC 0000 0325 5267 6174
cardNumberExists: DC 0000 0325 8574 9641 : 0 
[2025-04-10 07:35:13] Entry inserted with card number of DC 0000 0325 8574 9641
cardNumberExists: DC 0000 0325 7619 6454 : 0 
[2025-04-10 07:36:55] Entry inserted with card number of DC 0000 0325 7619 6454
cardNumberExists: ST 7699 0904 0000 0002 : 0 
[2025-04-10 07:42:58] Entry inserted with card number of ST 7699 0904 0000 0002
cardNumberExists: DC 0000 0325 2663 4616 : 0 
[2025-04-10 07:50:02] Entry inserted with card number of DC 0000 0325 2663 4616
cardNumberExists: DC 0000 0325 7422 4828 : 0 
[2025-04-10 07:50:12] Entry inserted with card number of DC 0000 0325 7422 4828
