Submission Date
Select Plan
Upload Gcash Receipt Here
3K Pinoy Protek - Prime Plan
CARD TYPE
Availment Date
SURNAME
Effective Date Clause
CARD NUMBER
SALES OFFICER
BUSINESS UNIT HEAD
BRANCH HEAD
SALES DISTRIBUTOR
If NAME NOT FOUND, PLEASE INCLUDE BOX WHERE CLIENT CAN INPUT NAMES OF THE REFERROR
Data Privacy Clause
ASSIGNED BPIA EMPLOYEE
Coverage and Age Eligibility Clause
MOBILE NUMBER
EMAIL ADDRESS
BENEFICIARY FULL NAME
BENEFICIARY RELATIONSHIP
BENEFICIARY BIRTHDAY
COMPLETE ADDRESS
GIVE NAME
MIDDLE NAME
BIRTHDAY
AGE
3K Pinoy Protek - Student Plan
Mode of Payment
Submission ID
Submission IP
Last Update Date
////////////////////////////////////////////////////
Apr 10, 2025
Standard Plan
https://www.jotform.com/uploads/eddrind17/250488282878473/6200713000322547751/001_beb45c21-e3b3-4fbf-ae05-3b1f90bf30ca.jpeg

DIGITAL
Apr 10, 2025
Desiderio
I agree






I agree
JOAN FLORENCIO
Yes
43534534
talladamc@gmail.com
dawdasd
dawdsad
Apr 15, 2025
dadaw
Eddrin
N/A
Apr 9, 2025
22

GCash
6200713000322547751
122.55.217.230

////////////////////////////////////////////////////

