Running: python generateCard.py "Cedrick Anne  Vinoya " "Ann Michel Pascual " "Mother " "ST 7669 0924 0000 1215"
Output: outputs/img\VINOYA_ST 7669 0924 0000 1215front.png
outputs/img\VINOYA_ST 7669 0924 0000 1215back.png

Running: python generateCard.py "Eddrin Desiderio" "Mike Tallada" "REL" "ST 7669 0924 0000 0001"
Output: outputs/img\DESIDERIO_ST 7669 0924 0000 0001front.png
outputs/img\DESIDERIO_ST 7669 0924 0000 0001back.png

Running: python generateCard.py "Mike Tallada" "Mike Tallada" "REL" "ST 7669 0924 0000 0002"
Output: outputs/img\TALLADA_ST 7669 0924 0000 0002front.png
outputs/img\TALLADA_ST 7669 0924 0000 0002back.png

Running: python generateCard.py "Angeles Angeles" "Mike Tallada" "REL" "ST 7669 0924 0000 0003"
Output: outputs/img\ANGELES_ST 7669 0924 0000 0003front.png
outputs/img\ANGELES_ST 7669 0924 0000 0003back.png

Running: python generateCard.py "Angeles Angeles" "Mike Tallada" "REL" "ST 7669 0924 0000 0004"
Output: outputs/img\ANGELES_ST 7669 0924 0000 0004front.png
outputs/img\ANGELES_ST 7669 0924 0000 0004back.png

Running: python generateCard.py "Angeles Angeles" "Mike Tallada" "REL" "ST 7669 0924 0000 0005"
Output: outputs/img\ANGELES_ST 7669 0924 0000 0005front.png
outputs/img\ANGELES_ST 7669 0924 0000 0005back.png

Running: python generateCard.py "Angeles Angeles" "Mike Tallada" "REL" "ST 7669 0924 0000 0006"
Output: outputs/img\ANGELES_ST 7669 0924 0000 0006front.png
outputs/img\ANGELES_ST 7669 0924 0000 0006back.png

Running: python generateCard.py "Cedrick Anne  Vinoya " "Ann Michel Pascual " "Mother " "ST 7669 0924 0000 1215"
Output: outputs/img\VINOYA_ST 7669 0924 0000 1215front.png
outputs/img\VINOYA_ST 7669 0924 0000 1215back.png

Running: python generateCard.py "Eddrin Desiderio" "Mike Tallada" "REL" "ST 7669 0924 0000 0001"
Output: outputs/img\DESIDERIO_ST 7669 0924 0000 0001front.png
outputs/img\DESIDERIO_ST 7669 0924 0000 0001back.png

Running: python generateCard.py "Mike Tallada" "Mike Tallada" "REL" "ST 7669 0924 0000 0002"
Output: outputs/img\TALLADA_ST 7669 0924 0000 0002front.png
outputs/img\TALLADA_ST 7669 0924 0000 0002back.png

Running: python generateCard.py "Angeles Angeles" "Mike Tallada" "REL" "ST 7669 0924 0000 0003"
Output: outputs/img\ANGELES_ST 7669 0924 0000 0003front.png
outputs/img\ANGELES_ST 7669 0924 0000 0003back.png

Running: python generateCard.py "Angeles Angeles" "Mike Tallada" "REL" "ST 7669 0924 0000 0004"
Output: outputs/img\ANGELES_ST 7669 0924 0000 0004front.png
outputs/img\ANGELES_ST 7669 0924 0000 0004back.png

Running: python generateCard.py "Angeles Angeles" "Mike Tallada" "REL" "ST 7669 0924 0000 0005"
Output: outputs/img\ANGELES_ST 7669 0924 0000 0005front.png
outputs/img\ANGELES_ST 7669 0924 0000 0005back.png

Running: python generateCard.py "Angeles Angeles" "Mike Tallada" "REL" "ST 7669 0924 0000 0006"
Output: outputs/img\ANGELES_ST 7669 0924 0000 0006front.png
outputs/img\ANGELES_ST 7669 0924 0000 0006back.png

Running: python generateCard.py "Cedrick Anne  Vinoya " "Ann Michel Pascual " "Mother " "ST 7669 0924 0000 1215"
Output: outputs/img\VINOYA_ST 7669 0924 0000 1215front.png
outputs/img\VINOYA_ST 7669 0924 0000 1215back.png

Running: python generateCard.py "Eddrin Desiderio" "Mike Tallada" "REL" "ST 7669 0924 0000 0001"
Output: outputs/img\DESIDERIO_ST 7669 0924 0000 0001front.png
outputs/img\DESIDERIO_ST 7669 0924 0000 0001back.png

Running: python generateCard.py "Mike Tallada" "Mike Tallada" "REL" "ST 7669 0924 0000 0002"
Output: outputs/img\TALLADA_ST 7669 0924 0000 0002front.png
outputs/img\TALLADA_ST 7669 0924 0000 0002back.png

Running: python generateCard.py "Angeles Angeles" "Mike Tallada" "REL" "ST 7669 0924 0000 0003"
Output: outputs/img\ANGELES_ST 7669 0924 0000 0003front.png
outputs/img\ANGELES_ST 7669 0924 0000 0003back.png

Running: python generateCard.py "Angeles Angeles" "Mike Tallada" "REL" "ST 7669 0924 0000 0004"
Output: outputs/img\ANGELES_ST 7669 0924 0000 0004front.png
outputs/img\ANGELES_ST 7669 0924 0000 0004back.png

Running: python generateCard.py "Angeles Angeles" "Mike Tallada" "REL" "ST 7669 0924 0000 0005"
Output: outputs/img\ANGELES_ST 7669 0924 0000 0005front.png
outputs/img\ANGELES_ST 7669 0924 0000 0005back.png

Running: python generateCard.py "Angeles Angeles" "Mike Tallada" "REL" "ST 7669 0924 0000 0006"
Output: outputs/img\ANGELES_ST 7669 0924 0000 0006front.png
outputs/img\ANGELES_ST 7669 0924 0000 0006back.png

Running: python generateCard.py "Cedrick Anne  Vinoya " "Ann Michel Pascual " "Mother " "ST 7669 0924 0000 1215"
Output: outputs/img\VINOYA_ST 7669 0924 0000 1215front.png
outputs/img\VINOYA_ST 7669 0924 0000 1215back.png

Running: python generateCard.py "Eddrin Desiderio" "Mike Tallada" "REL" "ST 7669 0924 0000 0001"
Output: outputs/img\DESIDERIO_ST 7669 0924 0000 0001front.png
outputs/img\DESIDERIO_ST 7669 0924 0000 0001back.png

Running: python generateCard.py "Mike Tallada" "Mike Tallada" "REL" "ST 7669 0924 0000 0002"
Output: outputs/img\TALLADA_ST 7669 0924 0000 0002front.png
outputs/img\TALLADA_ST 7669 0924 0000 0002back.png

Running: python generateCard.py "Angeles Angeles" "Mike Tallada" "REL" "ST 7669 0924 0000 0003"
Output: outputs/img\ANGELES_ST 7669 0924 0000 0003front.png
outputs/img\ANGELES_ST 7669 0924 0000 0003back.png

Running: python generateCard.py "Angeles Angeles" "Mike Tallada" "REL" "ST 7669 0924 0000 0004"
Output: outputs/img\ANGELES_ST 7669 0924 0000 0004front.png
outputs/img\ANGELES_ST 7669 0924 0000 0004back.png

Running: python generateCard.py "Angeles Angeles" "Mike Tallada" "REL" "ST 7669 0924 0000 0005"
Output: outputs/img\ANGELES_ST 7669 0924 0000 0005front.png
outputs/img\ANGELES_ST 7669 0924 0000 0005back.png

Running: python generateCard.py "Angeles Angeles" "Mike Tallada" "REL" "ST 7669 0924 0000 0006"
Output: outputs/img\ANGELES_ST 7669 0924 0000 0006front.png
outputs/img\ANGELES_ST 7669 0924 0000 0006back.png

Running: python generateCard.py "Mike Tallada" "Eddrin" "Friend" "ST-7699-0904-0000-0002"
Output: outputs/img\TALLADA_ST-7699-0904-0000-0002front.png
outputs/img\TALLADA_ST-7699-0904-0000-0002back.png

Running: python generateCard.py "Eddrin Desiderio" "Mike Tallada" "Friend" ""
Output: Traceback (most recent call last):
  File "C:\Users\Kenneth\Documents\xampp\htdocs\WARAPWARAPWARAP\generateCard.py", line 77, in <module>
    generate_card(full_name, beneficiary_name, relation_name, card_number)
  File "C:\Users\Kenneth\Documents\xampp\htdocs\WARAPWARAPWARAP\generateCard.py", line 10, in generate_card
    card_number = "DC 0000 0325 0000 " + random.randint(1111,9999);
                  ~~~~~~~~~~~~~~~~~~~~~^~~~~~~~~~~~~~~~~~~~~~~~~~~
TypeError: can only concatenate str (not "int") to str

Running: python generateCard.py "Mike Tallada" "Eddrin" "Friend" "ST-7699-0904-0000-0002"
Output: outputs/img\TALLADA_ST-7699-0904-0000-0002front.png
outputs/img\TALLADA_ST-7699-0904-0000-0002back.png

Running: python generateCard.py "Eddrin Desiderio" "Mike Tallada" "Friend" ""
Output: Traceback (most recent call last):
  File "C:\Users\Kenneth\Documents\xampp\htdocs\WARAPWARAPWARAP\generateCard.py", line 77, in <module>
    generate_card(full_name, beneficiary_name, relation_name, card_number)
  File "C:\Users\Kenneth\Documents\xampp\htdocs\WARAPWARAPWARAP\generateCard.py", line 10, in generate_card
    card_number = "DC 0000 0325 0000 " + random.randint(1111,9999);
                  ~~~~~~~~~~~~~~~~~~~~~^~~~~~~~~~~~~~~~~~~~~~~~~~~
TypeError: can only concatenate str (not "int") to str

Running: python generateCard.py "Mike Tallada" "Eddrin" "Friend" "ST-7699-0904-0000-0002"
Output: outputs/img\TALLADA_ST-7699-0904-0000-0002front.png
outputs/img\TALLADA_ST-7699-0904-0000-0002back.png

Running: python generateCard.py "Eddrin Desiderio" "Mike Tallada" "Friend" ""
Output: Traceback (most recent call last):
  File "C:\Users\Kenneth\Documents\xampp\htdocs\WARAPWARAPWARAP\generateCard.py", line 77, in <module>
    generate_card(full_name, beneficiary_name, relation_name, card_number)
  File "C:\Users\Kenneth\Documents\xampp\htdocs\WARAPWARAPWARAP\generateCard.py", line 10, in generate_card
    card_number = "DC 0000 0325 0000 " + random.randint(1111,9999);
                  ~~~~~~~~~~~~~~~~~~~~~^~~~~~~~~~~~~~~~~~~~~~~~~~~
TypeError: can only concatenate str (not "int") to str

Running: python generateCard.py "Mike Tallada" "Eddrin" "Friend" "ST-7699-0904-0000-0002"
Output: outputs/img\TALLADA_ST-7699-0904-0000-0002front.png
outputs/img\TALLADA_ST-7699-0904-0000-0002back.png

Running: python generateCard.py "Eddrin Desiderio" "Mike Tallada" "Friend" ""
Output: Traceback (most recent call last):
  File "C:\Users\Kenneth\Documents\xampp\htdocs\WARAPWARAPWARAP\generateCard.py", line 77, in <module>
    generate_card(full_name, beneficiary_name, relation_name, card_number)
  File "C:\Users\Kenneth\Documents\xampp\htdocs\WARAPWARAPWARAP\generateCard.py", line 10, in generate_card
    card_number = "DC 0000 0325 0000 " + random.randint(1111,9999);
                  ~~~~~~~~~~~~~~~~~~~~~^~~~~~~~~~~~~~~~~~~~~~~~~~~
TypeError: can only concatenate str (not "int") to str

Running: python generateCard.py "Mike Tallada" "Eddrin" "Friend" "ST-7699-0904-0000-0002"
Output: outputs/img\TALLADA_ST-7699-0904-0000-0002front.png
outputs/img\TALLADA_ST-7699-0904-0000-0002back.png

Running: python generateCard.py "Eddrin Desiderio" "Mike Tallada" "Friend" ""
Output: Traceback (most recent call last):
  File "C:\Users\Kenneth\Documents\xampp\htdocs\WARAPWARAPWARAP\generateCard.py", line 77, in <module>
    generate_card(full_name, beneficiary_name, relation_name, card_number)
  File "C:\Users\Kenneth\Documents\xampp\htdocs\WARAPWARAPWARAP\generateCard.py", line 10, in generate_card
    card_number = "DC 0000 0325 0000 " + random.randint(1111,9999);
                  ~~~~~~~~~~~~~~~~~~~~~^~~~~~~~~~~~~~~~~~~~~~~~~~~
TypeError: can only concatenate str (not "int") to str

Running: python generateCard.py "Mike Tallada" "Eddrin" "Friend" "ST-7699-0904-0000-0002"
Output: outputs/img\TALLADA_ST-7699-0904-0000-0002front.png
outputs/img\TALLADA_ST-7699-0904-0000-0002back.png

Running: python generateCard.py "Eddrin Desiderio" "Mike Tallada" "Friend" "DC 0000 0325 0000 6289"
Output: outputs/img\DESIDERIO_DC 0000 0325 0000 6289front.png
outputs/img\DESIDERIO_DC 0000 0325 0000 6289back.png

Running: python generateCard.py "Mike Tallada" "Eddrin" "Friend" "-"
Output: outputs/img\TALLADA_-front.png
outputs/img\TALLADA_-back.png

Running: python generateCard.py "Eddrin Desiderio" "Mike Tallada" "Friend" "-"
Output: outputs/img\DESIDERIO_-front.png
outputs/img\DESIDERIO_-back.png

Running: python generateCard.py "Mike Tallada" "Eddrin" "Friend" "ST 7699 0904 0000 0002"
Output: outputs/img\TALLADA_ST 7699 0904 0000 0002front.png
outputs/img\TALLADA_ST 7699 0904 0000 0002back.png

Running: python generateCard.py "Eddrin Desiderio" "Mike Tallada" "Friend" "DC 0000 0325 0000 8750"
Output: outputs/img\DESIDERIO_DC 0000 0325 0000 8750front.png
outputs/img\DESIDERIO_DC 0000 0325 0000 8750back.png

Running: python generateCard.py "Mike Tallada" "Eddrin" "Friend" "ST 7699 0904 0000 0002"
Output: outputs/img\TALLADA_ST 7699 0904 0000 0002front.png
outputs/img\TALLADA_ST 7699 0904 0000 0002back.png

Running: python generateCard.py "Eddrin Desiderio" "Mike Tallada" "Friend" "DC 0000 0325 0000 9893"
Output: outputs/img\DESIDERIO_DC 0000 0325 0000 9893front.png
outputs/img\DESIDERIO_DC 0000 0325 0000 9893back.png

Running: python generateCard.py "Mike Tallada" "Eddrin" "Friend" "ST 7699 0904 0000 0002"
Output: outputs/img\TALLADA_ST 7699 0904 0000 0002front.png
outputs/img\TALLADA_ST 7699 0904 0000 0002back.png

Running: python generateCard.py "Eddrin Desiderio" "Mike Tallada" "Friend" "DC 0000 0325 0000 1447"
Output: outputs/img\DESIDERIO_DC 0000 0325 0000 1447front.png
outputs/img\DESIDERIO_DC 0000 0325 0000 1447back.png

Running: python generateCard.py "MARITES GARCIA Cedrick Anne " "CASH" "JOAN FLORENCIO" "41063"
Output: outputs/img\ANNE_41063front.png
outputs/img\ANNE_41063back.png

Running: python generateCard.py " Eddrin" "" "" "36892"
Output: outputs/img\EDDRIN_36892front.png
outputs/img\EDDRIN_36892back.png

Running: python generateCard.py " Kenneth" "" "" "36892"
Output: outputs/img\KENNETH_36892front.png
outputs/img\KENNETH_36892back.png

Running: python generateCard.py "Eddrin Desiderio" "Mike Tallada" "Friend" "ST 7699 0904 0000 00001"
Output: outputs/img\DESIDERIO_ST 7699 0904 0000 00001front.png
outputs/img\DESIDERIO_ST 7699 0904 0000 00001back.png

Running: python generateCard.py "Eddrin Desiderio" "Mike Tallada" "Friend" "ST 7699 0904 0000 00001"
Output: outputs/img\DESIDERIO_ST 7699 0904 0000 00001front.png
outputs/img\DESIDERIO_ST 7699 0904 0000 00001back.png

Running: python generateCard.py "Eddrin Desiderio" "Mike Tallada" "Friend" "ST 7699 0904 0000 00001"
Output: outputs/img\DESIDERIO_ST 7699 0904 0000 00001front.png
outputs/img\DESIDERIO_ST 7699 0904 0000 00001back.png

Running: python generateCard.py "Eddrin Desiderio" "Mike Tallada" "Friend" "ST 7699 0904 0000 00001"
Output: outputs/img\DESIDERIO_ST 7699 0904 0000 00001front.png
outputs/img\DESIDERIO_ST 7699 0904 0000 00001back.png

Running: python generateCard.py "Eddrin Desiderio" "Mike Tallada" "Friend" "ST 7699 0904 0000 0001"
Output: outputs/img\DESIDERIO_ST 7699 0904 0000 0001front.png
outputs/img\DESIDERIO_ST 7699 0904 0000 0001back.png

Running: python generateCard.py "Eddrin Desiderio" "Mike Tallada" "Friend" "ST 7699 0904 0000 0001"
Output: outputs/img\DESIDERIO_ST 7699 0904 0000 0001front.png
outputs/img\DESIDERIO_ST 7699 0904 0000 0001back.png

Running: python generateCard.py "Eddrin Desiderio" "Mike Tallada" "Friend" "ST 7699 0904 0000 0001"
Output: outputs/img\DESIDERIO_ST 7699 0904 0000 0001front.png
outputs/img\DESIDERIO_ST 7699 0904 0000 0001back.png

Running: python generateCard.py "Eddrin Desiderio" "Mike Tallada" "Friend" "ST 7699 0904 0000 0001"
Output: outputs/img\DESIDERIO_ST 7699 0904 0000 0001front.png
outputs/img\DESIDERIO_ST 7699 0904 0000 0001back.png

Running: python generateCard.py "Eddrin Desiderio" "Mike Tallada" "Friend" "ST 7699 0904 0000 0001"
Output: outputs/img\DESIDERIO_ST 7699 0904 0000 0001front.png
outputs/img\DESIDERIO_ST 7699 0904 0000 0001back.png

Running: python generateCard.py "Eddrin Desiderio" "Mike Tallada" "Friend" "ST 7699 0904 0000 0001"
Output: outputs/img\DESIDERIO_ST 7699 0904 0000 0001front.png
outputs/img\DESIDERIO_ST 7699 0904 0000 0001back.png

Running: python generateCard.py "Eddrin Desiderio" "Mike Tallada" "Friend" "ST 7699 0904 0000 0001"
Output: outputs/img\DESIDERIO_ST 7699 0904 0000 0001front.png
outputs/img\DESIDERIO_ST 7699 0904 0000 0001back.png

Running: python generateCard.py "Myrel Manabat" "Juan Mateo Flores" "Son" "100001"
Output: outputs/img\MANABAT_100001front.png
outputs/img\MANABAT_100001back.png

Running: python generateCard.py "Myrel Manabat" "Juan Mateo Flores" "Son" "100002"
Output: outputs/img\MANABAT_100002front.png
outputs/img\MANABAT_100002back.png

Running: python generateCard.py "Myrel Manabat" "Juan Mateo Flores" "Son" "100003"
Output: outputs/img\MANABAT_100003front.png
outputs/img\MANABAT_100003back.png

Running: python generateCard.py "Myrel Manabat" "Juan Mateo Flores" "Son" "100004"
Output: outputs/img\MANABAT_100004front.png
outputs/img\MANABAT_100004back.png

Running: python generateCard.py " " "" "" "DC 0000 0325 0000 2937"
Output: Error: pop from empty list

Running: python generateCard.py "Myrel Manabat" "Juan Mateo Flores" "Son" "100001"
Output: outputs/img\MANABAT_100001front.png
outputs/img\MANABAT_100001back.png

Running: python generateCard.py "Myrel Manabat" "Juan Mateo Flores" "Son" "100002"
Output: outputs/img\MANABAT_100002front.png
outputs/img\MANABAT_100002back.png

Running: python generateCard.py "Myrel Manabat" "Juan Mateo Flores" "Son" "100003"
Output: outputs/img\MANABAT_100003front.png
outputs/img\MANABAT_100003back.png

Running: python generateCard.py "Myrel Manabat" "Juan Mateo Flores" "Son" "100004"
Output: outputs/img\MANABAT_100004front.png
outputs/img\MANABAT_100004back.png

Running: python generateCard.py " " "" "" "DC 0000 0325 0000 5185"
Output: Error: pop from empty list

