Running: python generateCard.py "Cedrick Anne  Vinoya " "Ann Michel Pascual " "Mother " "ST 7669 0924 0000 1215"
Output: outputs/img\VINOYA_ST 7669 0924 0000 1215front.png
outputs/img\VINOYA_ST 7669 0924 0000 1215back.png

Running: python generateCard.py "Eddrin Desiderio" "Mike Tallada" "REL" "ST 7669 0924 0000 0001"
Output: outputs/img\DESIDERIO_ST 7669 0924 0000 0001front.png
outputs/img\DESIDERIO_ST 7669 0924 0000 0001back.png

Running: python generateCard.py "Cedrick Anne  Vinoya " "Ann Michel Pascual " "Mother " "ST 7669 0924 0000 1215"
Output: outputs/img\VINOYA_ST 7669 0924 0000 1215front.png
outputs/img\VINOYA_ST 7669 0924 0000 1215back.png

Running: python generateCard.py "Eddrin Desiderio" "Mike Tallada" "REL" "ST 7669 0924 0000 0001"
Output: outputs/img\DESIDERIO_ST 7669 0924 0000 0001front.png
outputs/img\DESIDERIO_ST 7669 0924 0000 0001back.png

Running: python generateCard.py "Cedrick Anne  Vinoya " "Ann Michel Pascual " "Mother " "ST 7669 0924 0000 -1213"
Output: outputs/img\VINOYA_ST 7669 0924 0000 -1213front.png
outputs/img\VINOYA_ST 7669 0924 0000 -1213back.png

Running: python generateCard.py "Eddrin Desiderio" "Mike Tallada" "REL" "ST 7669 0924 0000 -2427"
Output: outputs/img\DESIDERIO_ST 7669 0924 0000 -2427front.png
outputs/img\DESIDERIO_ST 7669 0924 0000 -2427back.png

Running: python generateCard.py "Cedrick Anne  Vinoya " "Ann Michel Pascual " "Mother " "ST 7669 0924 0000 -3641"
Output: outputs/img\VINOYA_ST 7669 0924 0000 -3641front.png
outputs/img\VINOYA_ST 7669 0924 0000 -3641back.png

Running: python generateCard.py "Eddrin Desiderio" "Mike Tallada" "REL" "ST 7669 0924 0000 -4855"
Output: outputs/img\DESIDERIO_ST 7669 0924 0000 -4855front.png
outputs/img\DESIDERIO_ST 7669 0924 0000 -4855back.png

Running: python generateCard.py "Cedrick Anne  Vinoya " "Ann Michel Pascual " "Mother " "ST 7669 0924 0000 -6069"
Output: outputs/img\VINOYA_ST 7669 0924 0000 -6069front.png
outputs/img\VINOYA_ST 7669 0924 0000 -6069back.png

Running: python generateCard.py "Cedrick Anne  Vinoya " "Ann Michel Pascual " "Mother " "ST 7669 0924 0000 1215"
Output: outputs/img\VINOYA_ST 7669 0924 0000 1215front.png
outputs/img\VINOYA_ST 7669 0924 0000 1215back.png

Running: python generateCard.py "Eddrin Desiderio" "Mike Tallada" "REL" "ST 7669 0924 0000 0001"
Output: outputs/img\DESIDERIO_ST 7669 0924 0000 0001front.png
outputs/img\DESIDERIO_ST 7669 0924 0000 0001back.png

Running: python generateCard.py "Cedrick Anne  Vinoya " "Ann Michel Pascual " "Mother " "ST 7669 0924 0000 -1213"
Output: outputs/img\VINOYA_ST 7669 0924 0000 -1213front.png
outputs/img\VINOYA_ST 7669 0924 0000 -1213back.png

Running: python generateCard.py "Eddrin Desiderio" "Mike Tallada" "REL" "ST 7669 0924 0000 -2427"
Output: outputs/img\DESIDERIO_ST 7669 0924 0000 -2427front.png
outputs/img\DESIDERIO_ST 7669 0924 0000 -2427back.png

Running: python generateCard.py "Cedrick Anne  Vinoya " "Ann Michel Pascual " "Mother " "ST 7669 0924 0000 -3641"
Output: outputs/img\VINOYA_ST 7669 0924 0000 -3641front.png
outputs/img\VINOYA_ST 7669 0924 0000 -3641back.png

Running: python generateCard.py "Eddrin Desiderio" "Mike Tallada" "REL" "ST 7669 0924 0000 -4855"
Output: outputs/img\DESIDERIO_ST 7669 0924 0000 -4855front.png
outputs/img\DESIDERIO_ST 7669 0924 0000 -4855back.png

Running: python generateCard.py "Cedrick Anne  Vinoya " "Ann Michel Pascual " "Mother " "ST 7669 0924 0000 -6069"
Output: outputs/img\VINOYA_ST 7669 0924 0000 -6069front.png
outputs/img\VINOYA_ST 7669 0924 0000 -6069back.png

Running: python generateCard.py "Cedrick Anne  Vinoya " "Ann Michel Pascual " "Mother " "ST 7669 0924 0000 1215"
Output: outputs/img\VINOYA_ST 7669 0924 0000 1215front.png
outputs/img\VINOYA_ST 7669 0924 0000 1215back.png

Running: python generateCard.py "Eddrin Desiderio" "Mike Tallada" "REL" "ST 7669 0924 0000 0001"
Output: outputs/img\DESIDERIO_ST 7669 0924 0000 0001front.png
outputs/img\DESIDERIO_ST 7669 0924 0000 0001back.png

Running: python generateCard.py "Cedrick Anne  Vinoya " "Ann Michel Pascual " "Mother " "ST 7669 0924 0000 -1213"
Output: outputs/img\VINOYA_ST 7669 0924 0000 -1213front.png
outputs/img\VINOYA_ST 7669 0924 0000 -1213back.png

Running: python generateCard.py "Eddrin Desiderio" "Mike Tallada" "REL" "ST 7669 0924 0000 -2427"
Output: outputs/img\DESIDERIO_ST 7669 0924 0000 -2427front.png
outputs/img\DESIDERIO_ST 7669 0924 0000 -2427back.png

Running: python generateCard.py "Cedrick Anne  Vinoya " "Ann Michel Pascual " "Mother " "ST 7669 0924 0000 -3641"
Output: outputs/img\VINOYA_ST 7669 0924 0000 -3641front.png
outputs/img\VINOYA_ST 7669 0924 0000 -3641back.png

Running: python generateCard.py "Eddrin Desiderio" "Mike Tallada" "REL" "ST 7669 0924 0000 -4855"
Output: outputs/img\DESIDERIO_ST 7669 0924 0000 -4855front.png
outputs/img\DESIDERIO_ST 7669 0924 0000 -4855back.png

Running: python generateCard.py "Cedrick Anne  Vinoya " "Ann Michel Pascual " "Mother " "ST 7669 0924 0000 -6069"
Output: outputs/img\VINOYA_ST 7669 0924 0000 -6069front.png
outputs/img\VINOYA_ST 7669 0924 0000 -6069back.png

Running: python generateCard.py "Cedrick Anne  Vinoya " "Ann Michel Pascual " "Mother " "ST 7669 0924 0000 1215"
Output: outputs/img\VINOYA_ST 7669 0924 0000 1215front.png
outputs/img\VINOYA_ST 7669 0924 0000 1215back.png

Running: python generateCard.py "Eddrin Desiderio" "Mike Tallada" "REL" "ST 7669 0924 0000 0001"
Output: outputs/img\DESIDERIO_ST 7669 0924 0000 0001front.png
outputs/img\DESIDERIO_ST 7669 0924 0000 0001back.png

Running: python generateCard.py "Cedrick Anne  Vinoya " "Ann Michel Pascual " "Mother " "ST 7669 0924 0000 -1213"
Output: outputs/img\VINOYA_ST 7669 0924 0000 -1213front.png
outputs/img\VINOYA_ST 7669 0924 0000 -1213back.png

Running: python generateCard.py "Eddrin Desiderio" "Mike Tallada" "REL" "ST 7669 0924 0000 -2427"
Output: outputs/img\DESIDERIO_ST 7669 0924 0000 -2427front.png
outputs/img\DESIDERIO_ST 7669 0924 0000 -2427back.png

Running: python generateCard.py "Cedrick Anne  Vinoya " "Ann Michel Pascual " "Mother " "ST 7669 0924 0000 -3641"
Output: outputs/img\VINOYA_ST 7669 0924 0000 -3641front.png
outputs/img\VINOYA_ST 7669 0924 0000 -3641back.png

Running: python generateCard.py "Eddrin Desiderio" "Mike Tallada" "REL" "ST 7669 0924 0000 -4855"
Output: outputs/img\DESIDERIO_ST 7669 0924 0000 -4855front.png
outputs/img\DESIDERIO_ST 7669 0924 0000 -4855back.png

Running: python generateCard.py "Cedrick Anne  Vinoya " "Ann Michel Pascual " "Mother " "ST 7669 0924 0000 -6069"
Output: outputs/img\VINOYA_ST 7669 0924 0000 -6069front.png
outputs/img\VINOYA_ST 7669 0924 0000 -6069back.png

Running: python generateCard.py "Cedrick Anne  Vinoya " "Ann Michel Pascual " "Mother " "ST 7669 0924 0000 1215"
Output: outputs/img\VINOYA_ST 7669 0924 0000 1215front.png
outputs/img\VINOYA_ST 7669 0924 0000 1215back.png

Running: python generateCard.py "Eddrin Desiderio" "Mike Tallada" "REL" "ST 7669 0924 0000 0001"
Output: outputs/img\DESIDERIO_ST 7669 0924 0000 0001front.png
outputs/img\DESIDERIO_ST 7669 0924 0000 0001back.png

Running: python generateCard.py "Cedrick Anne  Vinoya " "Ann Michel Pascual " "Mother " "ST 7669 0924 0000 -1213"
Output: outputs/img\VINOYA_ST 7669 0924 0000 -1213front.png
outputs/img\VINOYA_ST 7669 0924 0000 -1213back.png

Running: python generateCard.py "Eddrin Desiderio" "Mike Tallada" "REL" "ST 7669 0924 0000 -2427"
Output: outputs/img\DESIDERIO_ST 7669 0924 0000 -2427front.png
outputs/img\DESIDERIO_ST 7669 0924 0000 -2427back.png

Running: python generateCard.py "Cedrick Anne  Vinoya " "Ann Michel Pascual " "Mother " "ST 7669 0924 0000 -3641"
Output: outputs/img\VINOYA_ST 7669 0924 0000 -3641front.png
outputs/img\VINOYA_ST 7669 0924 0000 -3641back.png

Running: python generateCard.py "Eddrin Desiderio" "Mike Tallada" "REL" "ST 7669 0924 0000 -4855"
Output: outputs/img\DESIDERIO_ST 7669 0924 0000 -4855front.png
outputs/img\DESIDERIO_ST 7669 0924 0000 -4855back.png

Running: python generateCard.py "Cedrick Anne  Vinoya " "Ann Michel Pascual " "Mother " "ST 7669 0924 0000 -6069"
Output: outputs/img\VINOYA_ST 7669 0924 0000 -6069front.png
outputs/img\VINOYA_ST 7669 0924 0000 -6069back.png

Running: python generateCard.py "Cedrick Anne  Vinoya " "Ann Michel Pascual " "Mother " "ST 7669 0924 0000 1215"
Output: outputs/img\VINOYA_ST 7669 0924 0000 1215front.png
outputs/img\VINOYA_ST 7669 0924 0000 1215back.png

Running: python generateCard.py "Eddrin Desiderio" "Mike Tallada" "REL" "ST 7669 0924 0000 0001"
Output: outputs/img\DESIDERIO_ST 7669 0924 0000 0001front.png
outputs/img\DESIDERIO_ST 7669 0924 0000 0001back.png

Running: python generateCard.py "Cedrick Anne  Vinoya " "Ann Michel Pascual " "Mother " "ST 7669 0924 0000 -1213"
Output: outputs/img\VINOYA_ST 7669 0924 0000 -1213front.png
outputs/img\VINOYA_ST 7669 0924 0000 -1213back.png

Running: python generateCard.py "Eddrin Desiderio" "Mike Tallada" "REL" "ST 7669 0924 0000 -2427"
Output: outputs/img\DESIDERIO_ST 7669 0924 0000 -2427front.png
outputs/img\DESIDERIO_ST 7669 0924 0000 -2427back.png

Running: python generateCard.py "Cedrick Anne  Vinoya " "Ann Michel Pascual " "Mother " "ST 7669 0924 0000 -3641"
Output: outputs/img\VINOYA_ST 7669 0924 0000 -3641front.png
outputs/img\VINOYA_ST 7669 0924 0000 -3641back.png

Running: python generateCard.py "Eddrin Desiderio" "Mike Tallada" "REL" "ST 7669 0924 0000 -4855"
Output: outputs/img\DESIDERIO_ST 7669 0924 0000 -4855front.png
outputs/img\DESIDERIO_ST 7669 0924 0000 -4855back.png

Running: python generateCard.py "Cedrick Anne  Vinoya " "Ann Michel Pascual " "Mother " "ST 7669 0924 0000 -6069"
Output: outputs/img\VINOYA_ST 7669 0924 0000 -6069front.png
outputs/img\VINOYA_ST 7669 0924 0000 -6069back.png

Running: python generateCard.py "Cedrick Anne  Vinoya " "Ann Michel Pascual " "Mother " "ST 7669 0924 0000 1215"
Output: outputs/img\VINOYA_ST 7669 0924 0000 1215front.png
outputs/img\VINOYA_ST 7669 0924 0000 1215back.png

Running: python generateCard.py "Eddrin Desiderio" "Mike Tallada" "REL" "ST 7669 0924 0000 0001"
Output: outputs/img\DESIDERIO_ST 7669 0924 0000 0001front.png
outputs/img\DESIDERIO_ST 7669 0924 0000 0001back.png

Running: python generateCard.py "Cedrick Anne  Vinoya " "Ann Michel Pascual " "Mother " "ST 7669 0924 0000 -1213"
Output: outputs/img\VINOYA_ST 7669 0924 0000 -1213front.png
outputs/img\VINOYA_ST 7669 0924 0000 -1213back.png

Running: python generateCard.py "Eddrin Desiderio" "Mike Tallada" "REL" "ST 7669 0924 0000 -2427"
Output: outputs/img\DESIDERIO_ST 7669 0924 0000 -2427front.png
outputs/img\DESIDERIO_ST 7669 0924 0000 -2427back.png

Running: python generateCard.py "Cedrick Anne  Vinoya " "Ann Michel Pascual " "Mother " "ST 7669 0924 0000 -3641"
Output: outputs/img\VINOYA_ST 7669 0924 0000 -3641front.png
outputs/img\VINOYA_ST 7669 0924 0000 -3641back.png

Running: python generateCard.py "Eddrin Desiderio" "Mike Tallada" "REL" "ST 7669 0924 0000 -4855"
Output: outputs/img\DESIDERIO_ST 7669 0924 0000 -4855front.png
outputs/img\DESIDERIO_ST 7669 0924 0000 -4855back.png

Running: python generateCard.py "Cedrick Anne  Vinoya " "Ann Michel Pascual " "Mother " "ST 7669 0924 0000 -6069"
Output: outputs/img\VINOYA_ST 7669 0924 0000 -6069front.png
outputs/img\VINOYA_ST 7669 0924 0000 -6069back.png

Running: python generateCard.py "Cedrick Anne  Vinoya " "Ann Michel Pascual " "Mother " "ST 7669 0924 0000 1215"
Output: outputs/img\VINOYA_ST 7669 0924 0000 1215front.png
outputs/img\VINOYA_ST 7669 0924 0000 1215back.png

Running: python generateCard.py "Eddrin Desiderio" "Mike Tallada" "REL" "ST 7669 0924 0000 0001"
Output: outputs/img\DESIDERIO_ST 7669 0924 0000 0001front.png
outputs/img\DESIDERIO_ST 7669 0924 0000 0001back.png

Running: python generateCard.py "Cedrick Anne  Vinoya " "Ann Michel Pascual " "Mother " "ST 7669 0924 0000 -1213"
Output: outputs/img\VINOYA_ST 7669 0924 0000 -1213front.png
outputs/img\VINOYA_ST 7669 0924 0000 -1213back.png

Running: python generateCard.py "Eddrin Desiderio" "Mike Tallada" "REL" "ST 7669 0924 0000 -2427"
Output: outputs/img\DESIDERIO_ST 7669 0924 0000 -2427front.png
outputs/img\DESIDERIO_ST 7669 0924 0000 -2427back.png

Running: python generateCard.py "Cedrick Anne  Vinoya " "Ann Michel Pascual " "Mother " "ST 7669 0924 0000 -3641"
Output: outputs/img\VINOYA_ST 7669 0924 0000 -3641front.png
outputs/img\VINOYA_ST 7669 0924 0000 -3641back.png

Running: python generateCard.py "Eddrin Desiderio" "Mike Tallada" "REL" "ST 7669 0924 0000 -4855"
Output: outputs/img\DESIDERIO_ST 7669 0924 0000 -4855front.png
outputs/img\DESIDERIO_ST 7669 0924 0000 -4855back.png

Running: python generateCard.py "Cedrick Anne  Vinoya " "Ann Michel Pascual " "Mother " "ST 7669 0924 0000 -6069"
Output: outputs/img\VINOYA_ST 7669 0924 0000 -6069front.png
outputs/img\VINOYA_ST 7669 0924 0000 -6069back.png

Running: python generateCard.py "Cedrick Anne  Vinoya " "Ann Michel Pascual " "Mother " "ST 7669 0924 0000 1215"
Output: outputs/img\VINOYA_ST 7669 0924 0000 1215front.png
outputs/img\VINOYA_ST 7669 0924 0000 1215back.png

Running: python generateCard.py "Eddrin Desiderio" "Mike Tallada" "REL" "ST 7669 0924 0000 0001"
Output: outputs/img\DESIDERIO_ST 7669 0924 0000 0001front.png
outputs/img\DESIDERIO_ST 7669 0924 0000 0001back.png

Running: python generateCard.py "Cedrick Anne  Vinoya " "Ann Michel Pascual " "Mother " "ST 7669 0924 0000 -1213"
Output: outputs/img\VINOYA_ST 7669 0924 0000 -1213front.png
outputs/img\VINOYA_ST 7669 0924 0000 -1213back.png

Running: python generateCard.py "Eddrin Desiderio" "Mike Tallada" "REL" "ST 7669 0924 0000 -2427"
Output: outputs/img\DESIDERIO_ST 7669 0924 0000 -2427front.png
outputs/img\DESIDERIO_ST 7669 0924 0000 -2427back.png

Running: python generateCard.py "Cedrick Anne  Vinoya " "Ann Michel Pascual " "Mother " "ST 7669 0924 0000 -3641"
Output: outputs/img\VINOYA_ST 7669 0924 0000 -3641front.png
outputs/img\VINOYA_ST 7669 0924 0000 -3641back.png

Running: python generateCard.py "Eddrin Desiderio" "Mike Tallada" "REL" "ST 7669 0924 0000 -4855"
Output: outputs/img\DESIDERIO_ST 7669 0924 0000 -4855front.png
outputs/img\DESIDERIO_ST 7669 0924 0000 -4855back.png

Running: python generateCard.py "Cedrick Anne  Vinoya " "Ann Michel Pascual " "Mother " "ST 7669 0924 0000 -6069"
Output: outputs/img\VINOYA_ST 7669 0924 0000 -6069front.png
outputs/img\VINOYA_ST 7669 0924 0000 -6069back.png

Running: python generateCard.py "Cedrick Anne  Vinoya " "Ann Michel Pascual " "Mother " "ST 7669 0924 0000 1215"
Output: outputs/img\VINOYA_ST 7669 0924 0000 1215front.png
outputs/img\VINOYA_ST 7669 0924 0000 1215back.png

Running: python generateCard.py "Eddrin Desiderio" "Mike Tallada" "REL" "ST 7669 0924 0000 0001"
Output: outputs/img\DESIDERIO_ST 7669 0924 0000 0001front.png
outputs/img\DESIDERIO_ST 7669 0924 0000 0001back.png

Running: python generateCard.py "Cedrick Anne  Vinoya " "Ann Michel Pascual " "Mother " "ST 7669 0924 0000 -1213"
Output: outputs/img\VINOYA_ST 7669 0924 0000 -1213front.png
outputs/img\VINOYA_ST 7669 0924 0000 -1213back.png

Running: python generateCard.py "Eddrin Desiderio" "Mike Tallada" "REL" "ST 7669 0924 0000 -2427"
Output: outputs/img\DESIDERIO_ST 7669 0924 0000 -2427front.png
outputs/img\DESIDERIO_ST 7669 0924 0000 -2427back.png

Running: python generateCard.py "Cedrick Anne  Vinoya " "Ann Michel Pascual " "Mother " "ST 7669 0924 0000 -3641"
Output: outputs/img\VINOYA_ST 7669 0924 0000 -3641front.png
outputs/img\VINOYA_ST 7669 0924 0000 -3641back.png

Running: python generateCard.py "Eddrin Desiderio" "Mike Tallada" "REL" "ST 7669 0924 0000 -4855"
Output: outputs/img\DESIDERIO_ST 7669 0924 0000 -4855front.png
outputs/img\DESIDERIO_ST 7669 0924 0000 -4855back.png

Running: python generateCard.py "Cedrick Anne  Vinoya " "Ann Michel Pascual " "Mother " "ST 7669 0924 0000 -6069"
Output: outputs/img\VINOYA_ST 7669 0924 0000 -6069front.png
outputs/img\VINOYA_ST 7669 0924 0000 -6069back.png

Running: python generateCard.py "Cedrick Anne  Vinoya " "Ann Michel Pascual " "Mother " "ST 7669 0924 0000 1215"
Output: outputs/img\VINOYA_ST 7669 0924 0000 1215front.png
outputs/img\VINOYA_ST 7669 0924 0000 1215back.png

Running: python generateCard.py "Eddrin Desiderio" "Mike Tallada" "REL" "ST 7669 0924 0000 0001"
Output: outputs/img\DESIDERIO_ST 7669 0924 0000 0001front.png
outputs/img\DESIDERIO_ST 7669 0924 0000 0001back.png

Running: python generateCard.py "Cedrick Anne  Vinoya " "Ann Michel Pascual " "Mother " "ST 7669 0924 0000 -1213"
Output: outputs/img\VINOYA_ST 7669 0924 0000 -1213front.png
outputs/img\VINOYA_ST 7669 0924 0000 -1213back.png

Running: python generateCard.py "Eddrin Desiderio" "Mike Tallada" "REL" "ST 7669 0924 0000 -2427"
Output: outputs/img\DESIDERIO_ST 7669 0924 0000 -2427front.png
outputs/img\DESIDERIO_ST 7669 0924 0000 -2427back.png

Running: python generateCard.py "Cedrick Anne  Vinoya " "Ann Michel Pascual " "Mother " "ST 7669 0924 0000 -3641"
Output: outputs/img\VINOYA_ST 7669 0924 0000 -3641front.png
outputs/img\VINOYA_ST 7669 0924 0000 -3641back.png

Running: python generateCard.py "Eddrin Desiderio" "Mike Tallada" "REL" "ST 7669 0924 0000 -4855"
Output: outputs/img\DESIDERIO_ST 7669 0924 0000 -4855front.png
outputs/img\DESIDERIO_ST 7669 0924 0000 -4855back.png

Running: python generateCard.py "Cedrick Anne  Vinoya " "Ann Michel Pascual " "Mother " "ST 7669 0924 0000 -6069"
Output: outputs/img\VINOYA_ST 7669 0924 0000 -6069front.png
outputs/img\VINOYA_ST 7669 0924 0000 -6069back.png

Running: python generateCard.py "Cedrick Anne  Vinoya " "Ann Michel Pascual " "Mother " "ST 7669 0924 0000 1215"
Output: outputs/img\VINOYA_ST 7669 0924 0000 1215front.png
outputs/img\VINOYA_ST 7669 0924 0000 1215back.png

Running: python generateCard.py "Eddrin Desiderio" "Mike Tallada" "REL" "ST 7669 0924 0000 0001"
Output: outputs/img\DESIDERIO_ST 7669 0924 0000 0001front.png
outputs/img\DESIDERIO_ST 7669 0924 0000 0001back.png

Running: python generateCard.py "Cedrick Anne  Vinoya " "Ann Michel Pascual " "Mother " "ST 7669 0924 0000 -1213"
Output: outputs/img\VINOYA_ST 7669 0924 0000 -1213front.png
outputs/img\VINOYA_ST 7669 0924 0000 -1213back.png

Running: python generateCard.py "Eddrin Desiderio" "Mike Tallada" "REL" "ST 7669 0924 0000 -2427"
Output: outputs/img\DESIDERIO_ST 7669 0924 0000 -2427front.png
outputs/img\DESIDERIO_ST 7669 0924 0000 -2427back.png

Running: python generateCard.py "Cedrick Anne  Vinoya " "Ann Michel Pascual " "Mother " "ST 7669 0924 0000 -3641"
Output: outputs/img\VINOYA_ST 7669 0924 0000 -3641front.png
outputs/img\VINOYA_ST 7669 0924 0000 -3641back.png

Running: python generateCard.py "Eddrin Desiderio" "Mike Tallada" "REL" "ST 7669 0924 0000 -4855"
Output: outputs/img\DESIDERIO_ST 7669 0924 0000 -4855front.png
outputs/img\DESIDERIO_ST 7669 0924 0000 -4855back.png

Running: python generateCard.py "Cedrick Anne  Vinoya " "Ann Michel Pascual " "Mother " "ST 7669 0924 0000 -6069"
Output: outputs/img\VINOYA_ST 7669 0924 0000 -6069front.png
outputs/img\VINOYA_ST 7669 0924 0000 -6069back.png

Running: python generateCard.py "Cedrick Anne  Vinoya " "Ann Michel Pascual " "Mother " "ST 7669 0924 0000 1215"
Output: outputs/img\VINOYA_ST 7669 0924 0000 1215front.png
outputs/img\VINOYA_ST 7669 0924 0000 1215back.png

Running: python generateCard.py "Eddrin Desiderio" "Mike Tallada" "REL" "ST 7669 0924 0000 0001"
Output: outputs/img\DESIDERIO_ST 7669 0924 0000 0001front.png
outputs/img\DESIDERIO_ST 7669 0924 0000 0001back.png

Running: python generateCard.py "Cedrick Anne  Vinoya " "Ann Michel Pascual " "Mother " "ST 7669 0924 0000 -1213"
Output: outputs/img\VINOYA_ST 7669 0924 0000 -1213front.png
outputs/img\VINOYA_ST 7669 0924 0000 -1213back.png

Running: python generateCard.py "Eddrin Desiderio" "Mike Tallada" "REL" "ST 7669 0924 0000 -2427"
Output: outputs/img\DESIDERIO_ST 7669 0924 0000 -2427front.png
outputs/img\DESIDERIO_ST 7669 0924 0000 -2427back.png

Running: python generateCard.py "Cedrick Anne  Vinoya " "Ann Michel Pascual " "Mother " "ST 7669 0924 0000 -3641"
Output: outputs/img\VINOYA_ST 7669 0924 0000 -3641front.png
outputs/img\VINOYA_ST 7669 0924 0000 -3641back.png

Running: python generateCard.py "Eddrin Desiderio" "Mike Tallada" "REL" "ST 7669 0924 0000 -4855"
Output: outputs/img\DESIDERIO_ST 7669 0924 0000 -4855front.png
outputs/img\DESIDERIO_ST 7669 0924 0000 -4855back.png

Running: python generateCard.py "Cedrick Anne  Vinoya " "Ann Michel Pascual " "Mother " "ST 7669 0924 0000 -6069"
Output: outputs/img\VINOYA_ST 7669 0924 0000 -6069front.png
outputs/img\VINOYA_ST 7669 0924 0000 -6069back.png

Running: python generateCard.py "Cedrick Anne  Vinoya " "Ann Michel Pascual " "Mother " "ST 7669 0924 0000 1215"
Output: outputs/img\VINOYA_ST 7669 0924 0000 1215front.png
outputs/img\VINOYA_ST 7669 0924 0000 1215back.png

Running: python generateCard.py "Eddrin Desiderio" "Mike Tallada" "REL" "ST 7669 0924 0000 0001"
Output: outputs/img\DESIDERIO_ST 7669 0924 0000 0001front.png
outputs/img\DESIDERIO_ST 7669 0924 0000 0001back.png

Running: python generateCard.py "Cedrick Anne  Vinoya " "Ann Michel Pascual " "Mother " "ST 7669 0924 0000 -1213"
Output: outputs/img\VINOYA_ST 7669 0924 0000 -1213front.png
outputs/img\VINOYA_ST 7669 0924 0000 -1213back.png

Running: python generateCard.py "Eddrin Desiderio" "Mike Tallada" "REL" "ST 7669 0924 0000 -2427"
Output: outputs/img\DESIDERIO_ST 7669 0924 0000 -2427front.png
outputs/img\DESIDERIO_ST 7669 0924 0000 -2427back.png

Running: python generateCard.py "Cedrick Anne  Vinoya " "Ann Michel Pascual " "Mother " "ST 7669 0924 0000 -3641"
Output: outputs/img\VINOYA_ST 7669 0924 0000 -3641front.png
outputs/img\VINOYA_ST 7669 0924 0000 -3641back.png

Running: python generateCard.py "Eddrin Desiderio" "Mike Tallada" "REL" "ST 7669 0924 0000 -4855"
Output: outputs/img\DESIDERIO_ST 7669 0924 0000 -4855front.png
outputs/img\DESIDERIO_ST 7669 0924 0000 -4855back.png

Running: python generateCard.py "Cedrick Anne  Vinoya " "Ann Michel Pascual " "Mother " "ST 7669 0924 0000 -6069"
Output: outputs/img\VINOYA_ST 7669 0924 0000 -6069front.png
outputs/img\VINOYA_ST 7669 0924 0000 -6069back.png

Running: python generateCard.py "Cedrick Anne  Vinoya " "Ann Michel Pascual " "Mother " "ST 7669 0924 0000 1215"
Output: outputs/img\VINOYA_ST 7669 0924 0000 1215front.png
outputs/img\VINOYA_ST 7669 0924 0000 1215back.png

Running: python generateCard.py "Eddrin Desiderio" "Mike Tallada" "REL" "ST 7669 0924 0000 0001"
Output: outputs/img\DESIDERIO_ST 7669 0924 0000 0001front.png
outputs/img\DESIDERIO_ST 7669 0924 0000 0001back.png

Running: python generateCard.py "Cedrick Anne  Vinoya " "Ann Michel Pascual " "Mother " "ST 7669 0924 0000 -1213"
Output: outputs/img\VINOYA_ST 7669 0924 0000 -1213front.png
outputs/img\VINOYA_ST 7669 0924 0000 -1213back.png

Running: python generateCard.py "Eddrin Desiderio" "Mike Tallada" "REL" "ST 7669 0924 0000 -2427"
Output: outputs/img\DESIDERIO_ST 7669 0924 0000 -2427front.png
outputs/img\DESIDERIO_ST 7669 0924 0000 -2427back.png

Running: python generateCard.py "Cedrick Anne  Vinoya " "Ann Michel Pascual " "Mother " "ST 7669 0924 0000 -3641"
Output: outputs/img\VINOYA_ST 7669 0924 0000 -3641front.png
outputs/img\VINOYA_ST 7669 0924 0000 -3641back.png

Running: python generateCard.py "Eddrin Desiderio" "Mike Tallada" "REL" "ST 7669 0924 0000 -4855"
Output: outputs/img\DESIDERIO_ST 7669 0924 0000 -4855front.png
outputs/img\DESIDERIO_ST 7669 0924 0000 -4855back.png

Running: python generateCard.py "Cedrick Anne  Vinoya " "Ann Michel Pascual " "Mother " "ST 7669 0924 0000 -6069"
Output: outputs/img\VINOYA_ST 7669 0924 0000 -6069front.png
outputs/img\VINOYA_ST 7669 0924 0000 -6069back.png

Running: python generateCard.py "Cedrick Anne  Vinoya " "Ann Michel Pascual " "Mother " "ST 7669 0924 0000 1215"
Output: outputs/img\VINOYA_ST 7669 0924 0000 1215front.png
outputs/img\VINOYA_ST 7669 0924 0000 1215back.png

Running: python generateCard.py "Eddrin Desiderio" "Mike Tallada" "REL" "ST 7669 0924 0000 0001"
Output: outputs/img\DESIDERIO_ST 7669 0924 0000 0001front.png
outputs/img\DESIDERIO_ST 7669 0924 0000 0001back.png

Running: python generateCard.py "Cedrick Anne  Vinoya " "Ann Michel Pascual " "Mother " "ST 7669 0924 0000 -1213"
Output: outputs/img\VINOYA_ST 7669 0924 0000 -1213front.png
outputs/img\VINOYA_ST 7669 0924 0000 -1213back.png

Running: python generateCard.py "Eddrin Desiderio" "Mike Tallada" "REL" "ST 7669 0924 0000 -2427"
Output: outputs/img\DESIDERIO_ST 7669 0924 0000 -2427front.png
outputs/img\DESIDERIO_ST 7669 0924 0000 -2427back.png

Running: python generateCard.py "Cedrick Anne  Vinoya " "Ann Michel Pascual " "Mother " "ST 7669 0924 0000 -3641"
Output: outputs/img\VINOYA_ST 7669 0924 0000 -3641front.png
outputs/img\VINOYA_ST 7669 0924 0000 -3641back.png

Running: python generateCard.py "Eddrin Desiderio" "Mike Tallada" "REL" "ST 7669 0924 0000 -4855"
Output: outputs/img\DESIDERIO_ST 7669 0924 0000 -4855front.png
outputs/img\DESIDERIO_ST 7669 0924 0000 -4855back.png

Running: python generateCard.py "Cedrick Anne  Vinoya " "Ann Michel Pascual " "Mother " "ST 7669 0924 0000 -6069"
Output: outputs/img\VINOYA_ST 7669 0924 0000 -6069front.png
outputs/img\VINOYA_ST 7669 0924 0000 -6069back.png

Running: python generateCard.py "Cedrick Anne  Vinoya " "Ann Michel Pascual " "Mother " "ST 7669 0924 0000 1215"
Output: outputs/img\VINOYA_ST 7669 0924 0000 1215front.png
outputs/img\VINOYA_ST 7669 0924 0000 1215back.png

Running: python generateCard.py "Eddrin Desiderio" "Mike Tallada" "REL" "ST 7669 0924 0000 0001"
Output: outputs/img\DESIDERIO_ST 7669 0924 0000 0001front.png
outputs/img\DESIDERIO_ST 7669 0924 0000 0001back.png

Running: python generateCard.py "Cedrick Anne  Vinoya " "Ann Michel Pascual " "Mother " "ST 7669 0924 0000 -1213"
Output: outputs/img\VINOYA_ST 7669 0924 0000 -1213front.png
outputs/img\VINOYA_ST 7669 0924 0000 -1213back.png

Running: python generateCard.py "Eddrin Desiderio" "Mike Tallada" "REL" "ST 7669 0924 0000 -2427"
Output: outputs/img\DESIDERIO_ST 7669 0924 0000 -2427front.png
outputs/img\DESIDERIO_ST 7669 0924 0000 -2427back.png

Running: python generateCard.py "Cedrick Anne  Vinoya " "Ann Michel Pascual " "Mother " "ST 7669 0924 0000 -3641"
Output: outputs/img\VINOYA_ST 7669 0924 0000 -3641front.png
outputs/img\VINOYA_ST 7669 0924 0000 -3641back.png

Running: python generateCard.py "Eddrin Desiderio" "Mike Tallada" "REL" "ST 7669 0924 0000 -4855"
Output: outputs/img\DESIDERIO_ST 7669 0924 0000 -4855front.png
outputs/img\DESIDERIO_ST 7669 0924 0000 -4855back.png

Running: python generateCard.py "Cedrick Anne  Vinoya " "Ann Michel Pascual " "Mother " "ST 7669 0924 0000 -6069"
Output: outputs/img\VINOYA_ST 7669 0924 0000 -6069front.png
outputs/img\VINOYA_ST 7669 0924 0000 -6069back.png

Running: python generateCard.py "Cedrick Anne  Vinoya " "Ann Michel Pascual " "Mother " "ST 7669 0924 0000 1215"
Output: outputs/img\VINOYA_ST 7669 0924 0000 1215front.png
outputs/img\VINOYA_ST 7669 0924 0000 1215back.png

Running: python generateCard.py "Eddrin Desiderio" "Mike Tallada" "REL" "ST 7669 0924 0000 0001"
Output: outputs/img\DESIDERIO_ST 7669 0924 0000 0001front.png
outputs/img\DESIDERIO_ST 7669 0924 0000 0001back.png

Running: python generateCard.py "Cedrick Anne  Vinoya " "Ann Michel Pascual " "Mother " "ST 7669 0924 0000 -1213"
Output: outputs/img\VINOYA_ST 7669 0924 0000 -1213front.png
outputs/img\VINOYA_ST 7669 0924 0000 -1213back.png

Running: python generateCard.py "Eddrin Desiderio" "Mike Tallada" "REL" "ST 7669 0924 0000 -2427"
Output: outputs/img\DESIDERIO_ST 7669 0924 0000 -2427front.png
outputs/img\DESIDERIO_ST 7669 0924 0000 -2427back.png

Running: python generateCard.py "Cedrick Anne  Vinoya " "Ann Michel Pascual " "Mother " "ST 7669 0924 0000 -3641"
Output: outputs/img\VINOYA_ST 7669 0924 0000 -3641front.png
outputs/img\VINOYA_ST 7669 0924 0000 -3641back.png

Running: python generateCard.py "Eddrin Desiderio" "Mike Tallada" "REL" "ST 7669 0924 0000 -4855"
Output: outputs/img\DESIDERIO_ST 7669 0924 0000 -4855front.png
outputs/img\DESIDERIO_ST 7669 0924 0000 -4855back.png

Running: python generateCard.py "Cedrick Anne  Vinoya " "Ann Michel Pascual " "Mother " "ST 7669 0924 0000 -6069"
Output: outputs/img\VINOYA_ST 7669 0924 0000 -6069front.png
outputs/img\VINOYA_ST 7669 0924 0000 -6069back.png

Running: python generateCard.py "Cedrick Anne  Vinoya " "Ann Michel Pascual " "Mother " "ST 7669 0924 0000 1215"
Output: outputs/img\VINOYA_ST 7669 0924 0000 1215front.png
outputs/img\VINOYA_ST 7669 0924 0000 1215back.png

Running: python generateCard.py "Eddrin Desiderio" "Mike Tallada" "REL" "ST 7669 0924 0000 0001"
Output: outputs/img\DESIDERIO_ST 7669 0924 0000 0001front.png
outputs/img\DESIDERIO_ST 7669 0924 0000 0001back.png

Running: python generateCard.py "Cedrick Anne  Vinoya " "Ann Michel Pascual " "Mother " "ST 7669 0924 0000 -1213"
Output: outputs/img\VINOYA_ST 7669 0924 0000 -1213front.png
outputs/img\VINOYA_ST 7669 0924 0000 -1213back.png

Running: python generateCard.py "Eddrin Desiderio" "Mike Tallada" "REL" "ST 7669 0924 0000 -2427"
Output: outputs/img\DESIDERIO_ST 7669 0924 0000 -2427front.png
outputs/img\DESIDERIO_ST 7669 0924 0000 -2427back.png

Running: python generateCard.py "Cedrick Anne  Vinoya " "Ann Michel Pascual " "Mother " "ST 7669 0924 0000 -3641"
Output: outputs/img\VINOYA_ST 7669 0924 0000 -3641front.png
outputs/img\VINOYA_ST 7669 0924 0000 -3641back.png

Running: python generateCard.py "Eddrin Desiderio" "Mike Tallada" "REL" "ST 7669 0924 0000 -4855"
Output: outputs/img\DESIDERIO_ST 7669 0924 0000 -4855front.png
outputs/img\DESIDERIO_ST 7669 0924 0000 -4855back.png

Running: python generateCard.py "Cedrick Anne  Vinoya " "Ann Michel Pascual " "Mother " "ST 7669 0924 0000 -6069"
Output: outputs/img\VINOYA_ST 7669 0924 0000 -6069front.png
outputs/img\VINOYA_ST 7669 0924 0000 -6069back.png

